primitive 5 9 4
2 8 18
2 144 322
2 2584 5778
2 46368 103682
2 832040 1860498
primitive 17 33 8
4 32 132
4 2112 8708
4 139360 574596
primitive 37 73 12
6 72 438
6 10512 63942
primitive 65 129 16
8 128 1032
8 33024 266248
primitive 101 201 20
10 200 2010
10 80400 808010
primitive 145 289 24
12 288 3468
primitive 197 393 28
14 392 5502
primitive 257 513 32
16 512 8208
primitive 325 649 36
18 648 11682
primitive 401 801 40
20 800 16020
primitive 485 969 44
22 968 21318
primitive 577 1153 48
24 1152 27672
primitive 677 1353 52
26 1352 35178
primitive 785 1569 56
28 1568 43932
primitive 901 1801 60
30 1800 54030
primitive 1025 2049 64
32 2048 65568
primitive 1157 2313 68
34 2312 78642
primitive 1297 2593 72
36 2592 93348
primitive 1445 2889 76
38 2888 109782
primitive 1601 3201 80
40 3200 128040
primitive 1765 3529 84
42 3528 148218
primitive 1937 3873 88
44 3872 170412
primitive 2117 4233 92
46 4232 194718
primitive 2305 4609 96
48 4608 221232
primitive 2501 5001 100
50 5000 250050
primitive 2705 5409 104
52 5408 281268
primitive 2917 5833 108
54 5832 314982
primitive 3137 6273 112
56 6272 351288
primitive 3365 6729 116
58 6728 390282
primitive 3601 7201 120
60 7200 432060
primitive 3845 7689 124
62 7688 476718
primitive 4097 8193 128
64 8192 524352
primitive 4357 8713 132
66 8712 575058
primitive 4625 9249 136
68 9248 628932
primitive 4901 9801 140
70 9800 686070
primitive 5185 10369 144
72 10368 746568
primitive 5477 10953 148
74 10952 810522
primitive 5777 11553 152
76 11552 878028
primitive 6085 12169 156
78 12168 949182
primitive 6401 12801 160
80 12800 1024080
primitive 6725 13449 164
82 13448 1102818
primitive 7057 14113 168
84 14112 1185492
primitive 7397 14793 172
86 14792 1272198
primitive 7745 15489 176
88 15488 1363032
primitive 8101 16201 180
90 16200 1458090
primitive 8465 16929 184
92 16928 1557468
primitive 8837 17673 188
94 17672 1661262
primitive 9217 18433 192
96 18432 1769568
primitive 9605 19209 196
98 19208 1882482
primitive 10001 20001 200
primitive 10405 20809 204
primitive 10817 21633 208
primitive 11237 22473 212
primitive 11665 23329 216
primitive 12101 24201 220
primitive 12545 25089 224
primitive 12997 25993 228
primitive 13457 26913 232
primitive 13925 27849 236
primitive 14401 28801 240
primitive 14885 29769 244
primitive 15377 30753 248
primitive 15877 31753 252
primitive 16385 32769 256
primitive 16901 33801 260
primitive 17425 34849 264
primitive 17957 35913 268
primitive 18497 36993 272
primitive 19045 38089 276
primitive 19601 39201 280
primitive 20165 40329 284
primitive 20737 41473 288
primitive 21317 42633 292
primitive 21905 43809 296
primitive 22501 45001 300
primitive 23105 46209 304
primitive 23717 47433 308
primitive 24337 48673 312
primitive 24965 49929 316
primitive 25601 51201 320
primitive 26245 52489 324
primitive 26897 53793 328
primitive 27557 55113 332
primitive 28225 56449 336
primitive 28901 57801 340
primitive 29585 59169 344
primitive 30277 60553 348
primitive 30977 61953 352
primitive 31685 63369 356
primitive 32401 64801 360
primitive 33125 66249 364
primitive 33857 67713 368
primitive 34597 69193 372
primitive 35345 70689 376
primitive 36101 72201 380
primitive 36865 73729 384
primitive 37637 75273 388
primitive 38417 76833 392
primitive 39205 78409 396
primitive 40001 80001 400
primitive 40805 81609 404
primitive 41617 83233 408
primitive 42437 84873 412
primitive 43265 86529 416
primitive 44101 88201 420
primitive 44945 89889 424
primitive 45797 91593 428
primitive 46657 93313 432
primitive 47525 95049 436
primitive 48401 96801 440
primitive 49285 98569 444
primitive 50177 100353 448
primitive 51077 102153 452
primitive 51985 103969 456
primitive 52901 105801 460
primitive 53825 107649 464
primitive 54757 109513 468
primitive 55697 111393 472
primitive 56645 113289 476
primitive 57601 115201 480
primitive 58565 117129 484
primitive 59537 119073 488
primitive 60517 121033 492
primitive 61505 123009 496
primitive 62501 125001 500
primitive 63505 127009 504
primitive 64517 129033 508
primitive 65537 131073 512
primitive 66565 133129 516
primitive 67601 135201 520
primitive 68645 137289 524
primitive 69697 139393 528
primitive 70757 141513 532
primitive 71825 143649 536
primitive 72901 145801 540
primitive 73985 147969 544
primitive 75077 150153 548
primitive 76177 152353 552
primitive 77285 154569 556
primitive 78401 156801 560
primitive 79525 159049 564
primitive 80657 161313 568
primitive 81797 163593 572
primitive 82945 165889 576
primitive 84101 168201 580
primitive 85265 170529 584
primitive 86437 172873 588
primitive 87617 175233 592
primitive 88805 177609 596
primitive 90001 180001 600
primitive 91205 182409 604
primitive 92417 184833 608
primitive 93637 187273 612
primitive 94865 189729 616
primitive 96101 192201 620
primitive 97345 194689 624
primitive 98597 197193 628
primitive 99857 199713 632
primitive 101125 202249 636
primitive 102401 204801 640
primitive 103685 207369 644
primitive 104977 209953 648
primitive 106277 212553 652
primitive 107585 215169 656
primitive 108901 217801 660
primitive 110225 220449 664
primitive 111557 223113 668
primitive 112897 225793 672
primitive 114245 228489 676
primitive 115601 231201 680
primitive 116965 233929 684
primitive 118337 236673 688
primitive 119717 239433 692
primitive 121105 242209 696
primitive 122501 245001 700
primitive 123905 247809 704
primitive 125317 250633 708
primitive 126737 253473 712
primitive 128165 256329 716
primitive 129601 259201 720
primitive 131045 262089 724
primitive 132497 264993 728
primitive 133957 267913 732
primitive 135425 270849 736
primitive 136901 273801 740
primitive 138385 276769 744
primitive 139877 279753 748
primitive 141377 282753 752
primitive 142885 285769 756
primitive 144401 288801 760
primitive 145925 291849 764
primitive 147457 294913 768
primitive 148997 297993 772
primitive 150545 301089 776
primitive 152101 304201 780
primitive 153665 307329 784
primitive 155237 310473 788
primitive 156817 313633 792
primitive 158405 316809 796
primitive 160001 320001 800
primitive 161605 323209 804
primitive 163217 326433 808
primitive 164837 329673 812
primitive 166465 332929 816
primitive 168101 336201 820
primitive 169745 339489 824
primitive 171397 342793 828
primitive 173057 346113 832
primitive 174725 349449 836
primitive 176401 352801 840
primitive 178085 356169 844
primitive 179777 359553 848
primitive 181477 362953 852
primitive 183185 366369 856
primitive 184901 369801 860
primitive 186625 373249 864
primitive 188357 376713 868
primitive 190097 380193 872
primitive 191845 383689 876
primitive 193601 387201 880
primitive 195365 390729 884
primitive 197137 394273 888
primitive 198917 397833 892
primitive 200705 401409 896
primitive 202501 405001 900
primitive 204305 408609 904
primitive 206117 412233 908
primitive 207937 415873 912
primitive 209765 419529 916
primitive 211601 423201 920
primitive 213445 426889 924
primitive 215297 430593 928
primitive 217157 434313 932
primitive 219025 438049 936
primitive 220901 441801 940
primitive 222785 445569 944
primitive 224677 449353 948
primitive 226577 453153 952
primitive 228485 456969 956
primitive 230401 460801 960
primitive 232325 464649 964
primitive 234257 468513 968
primitive 236197 472393 972
primitive 238145 476289 976
primitive 240101 480201 980
primitive 242065 484129 984
primitive 244037 488073 988
primitive 246017 492033 992
primitive 248005 496009 996
primitive 250001 500001 1000
primitive 252005 504009 1004
primitive 254017 508033 1008
primitive 256037 512073 1012
primitive 258065 516129 1016
primitive 260101 520201 1020
primitive 262145 524289 1024
primitive 264197 528393 1028
primitive 266257 532513 1032
primitive 268325 536649 1036
primitive 270401 540801 1040
primitive 272485 544969 1044
primitive 274577 549153 1048
primitive 276677 553353 1052
primitive 278785 557569 1056
primitive 280901 561801 1060
primitive 283025 566049 1064
primitive 285157 570313 1068
primitive 287297 574593 1072
primitive 289445 578889 1076
primitive 291601 583201 1080
primitive 293765 587529 1084
primitive 295937 591873 1088
primitive 298117 596233 1092
primitive 300305 600609 1096
primitive 302501 605001 1100
primitive 304705 609409 1104
primitive 306917 613833 1108
primitive 309137 618273 1112
primitive 311365 622729 1116
primitive 313601 627201 1120
primitive 315845 631689 1124
primitive 318097 636193 1128
primitive 320357 640713 1132
primitive 322625 645249 1136
primitive 324901 649801 1140
primitive 327185 654369 1144
primitive 329477 658953 1148
primitive 331777 663553 1152
primitive 334085 668169 1156
primitive 336401 672801 1160
primitive 338725 677449 1164
primitive 341057 682113 1168
primitive 343397 686793 1172
primitive 345745 691489 1176
primitive 348101 696201 1180
primitive 350465 700929 1184
primitive 352837 705673 1188
primitive 355217 710433 1192
primitive 357605 715209 1196
primitive 360001 720001 1200
primitive 362405 724809 1204
primitive 364817 729633 1208
primitive 367237 734473 1212
primitive 369665 739329 1216
primitive 372101 744201 1220
primitive 374545 749089 1224
primitive 376997 753993 1228
primitive 379457 758913 1232
primitive 381925 763849 1236
primitive 384401 768801 1240
primitive 386885 773769 1244
primitive 389377 778753 1248
primitive 391877 783753 1252
primitive 394385 788769 1256
primitive 396901 793801 1260
primitive 399425 798849 1264
primitive 401957 803913 1268
primitive 404497 808993 1272
primitive 407045 814089 1276
primitive 409601 819201 1280
primitive 412165 824329 1284
primitive 414737 829473 1288
primitive 417317 834633 1292
primitive 419905 839809 1296
primitive 422501 845001 1300
primitive 425105 850209 1304
primitive 427717 855433 1308
primitive 430337 860673 1312
primitive 432965 865929 1316
primitive 435601 871201 1320
primitive 438245 876489 1324
primitive 440897 881793 1328
primitive 443557 887113 1332
primitive 446225 892449 1336
primitive 448901 897801 1340
primitive 451585 903169 1344
primitive 454277 908553 1348
primitive 456977 913953 1352
primitive 459685 919369 1356
primitive 462401 924801 1360
primitive 465125 930249 1364
primitive 467857 935713 1368
primitive 470597 941193 1372
primitive 473345 946689 1376
primitive 476101 952201 1380
primitive 478865 957729 1384
primitive 481637 963273 1388
primitive 484417 968833 1392
primitive 487205 974409 1396
primitive 490001 980001 1400
primitive 492805 985609 1404
primitive 495617 991233 1408
primitive 498437 996873 1412
primitive 501265 1002529 1416
primitive 504101 1008201 1420
primitive 506945 1013889 1424
primitive 509797 1019593 1428
primitive 512657 1025313 1432
primitive 515525 1031049 1436
primitive 518401 1036801 1440
primitive 521285 1042569 1444
primitive 524177 1048353 1448
primitive 527077 1054153 1452
primitive 529985 1059969 1456
primitive 532901 1065801 1460
primitive 535825 1071649 1464
primitive 538757 1077513 1468
primitive 541697 1083393 1472
primitive 544645 1089289 1476
primitive 547601 1095201 1480
primitive 550565 1101129 1484
primitive 553537 1107073 1488
primitive 556517 1113033 1492
primitive 559505 1119009 1496
primitive 562501 1125001 1500
primitive 565505 1131009 1504
primitive 568517 1137033 1508
primitive 571537 1143073 1512
primitive 574565 1149129 1516
primitive 577601 1155201 1520
primitive 580645 1161289 1524
primitive 583697 1167393 1528
primitive 586757 1173513 1532
primitive 589825 1179649 1536
primitive 592901 1185801 1540
primitive 595985 1191969 1544
primitive 599077 1198153 1548
primitive 602177 1204353 1552
primitive 605285 1210569 1556
primitive 608401 1216801 1560
primitive 611525 1223049 1564
primitive 614657 1229313 1568
primitive 617797 1235593 1572
primitive 620945 1241889 1576
primitive 624101 1248201 1580
primitive 627265 1254529 1584
primitive 630437 1260873 1588
primitive 633617 1267233 1592
primitive 636805 1273609 1596
primitive 640001 1280001 1600
primitive 643205 1286409 1604
primitive 646417 1292833 1608
primitive 649637 1299273 1612
primitive 652865 1305729 1616
primitive 656101 1312201 1620
primitive 659345 1318689 1624
primitive 662597 1325193 1628
primitive 665857 1331713 1632
primitive 669125 1338249 1636
primitive 672401 1344801 1640
primitive 675685 1351369 1644
primitive 678977 1357953 1648
primitive 682277 1364553 1652
primitive 685585 1371169 1656
primitive 688901 1377801 1660
primitive 692225 1384449 1664
primitive 695557 1391113 1668
primitive 698897 1397793 1672
primitive 702245 1404489 1676
primitive 705601 1411201 1680
primitive 708965 1417929 1684
primitive 712337 1424673 1688
primitive 715717 1431433 1692
primitive 719105 1438209 1696
primitive 722501 1445001 1700
primitive 725905 1451809 1704
primitive 729317 1458633 1708
primitive 732737 1465473 1712
primitive 736165 1472329 1716
primitive 739601 1479201 1720
primitive 743045 1486089 1724
primitive 746497 1492993 1728
primitive 749957 1499913 1732
primitive 753425 1506849 1736
primitive 756901 1513801 1740
primitive 760385 1520769 1744
primitive 763877 1527753 1748
primitive 767377 1534753 1752
primitive 770885 1541769 1756
primitive 774401 1548801 1760
primitive 777925 1555849 1764
primitive 781457 1562913 1768
primitive 784997 1569993 1772
primitive 788545 1577089 1776
primitive 792101 1584201 1780
primitive 795665 1591329 1784
primitive 799237 1598473 1788
primitive 802817 1605633 1792
primitive 806405 1612809 1796
primitive 810001 1620001 1800
primitive 813605 1627209 1804
primitive 817217 1634433 1808
primitive 820837 1641673 1812
primitive 824465 1648929 1816
primitive 828101 1656201 1820
primitive 831745 1663489 1824
primitive 835397 1670793 1828
primitive 839057 1678113 1832
primitive 842725 1685449 1836
primitive 846401 1692801 1840
primitive 850085 1700169 1844
primitive 853777 1707553 1848
primitive 857477 1714953 1852
primitive 861185 1722369 1856
primitive 864901 1729801 1860
primitive 868625 1737249 1864
primitive 872357 1744713 1868
primitive 876097 1752193 1872
primitive 879845 1759689 1876
primitive 883601 1767201 1880
primitive 887365 1774729 1884
primitive 891137 1782273 1888
primitive 894917 1789833 1892
primitive 898705 1797409 1896
primitive 902501 1805001 1900
primitive 906305 1812609 1904
primitive 910117 1820233 1908
primitive 913937 1827873 1912
primitive 917765 1835529 1916
primitive 921601 1843201 1920
primitive 925445 1850889 1924
primitive 929297 1858593 1928
primitive 933157 1866313 1932
primitive 937025 1874049 1936
primitive 940901 1881801 1940
primitive 944785 1889569 1944
primitive 948677 1897353 1948
primitive 952577 1905153 1952
primitive 956485 1912969 1956
primitive 960401 1920801 1960
primitive 964325 1928649 1964
primitive 968257 1936513 1968
primitive 972197 1944393 1972
primitive 976145 1952289 1976
primitive 980101 1960201 1980
primitive 984065 1968129 1984
primitive 988037 1976073 1988
primitive 992017 1984033 1992
primitive 996005 1992009 1996
13852117
