2 8 18
2 144 322
2 2584 5778
2 46368 103682
2 832040 1860498
4 32 132
4 2112 8708
4 139360 574596
6 72 438
6 10512 63942
8 30 242
8 128 1032
8 546 4402
8 7742 62418
8 33024 266248
8 140866 1135698
10 200 2010
10 80400 808010
12 288 3468
14 392 5502
16 512 8208
18 648 11682
20 800 16020
22 968 21318
24 1152 27672
26 1352 35178
28 1568 43932
30 112 3362
30 1800 54030
30 28928 868322
32 252 8068
32 2048 65568
32 16644 532868
34 2312 78642
36 2592 93348
38 2888 109782
40 3200 128040
42 3528 148218
44 3872 170412
46 4232 194718
48 4608 221232
50 5000 250050
52 5408 281268
54 5832 314982
56 6272 351288
58 6728 390282
60 7200 432060
62 7688 476718
64 8192 524352
66 8712 575058
68 9248 628932
70 9800 686070
72 858 61782
72 10368 746568
74 10952 810522
76 11552 878028
78 12168 949182
80 12800 1024080
82 13448 1102818
84 14112 1185492
86 14792 1272198
88 15488 1363032
90 16200 1458090
92 16928 1557468
94 17672 1661262
96 18432 1769568
98 19208 1882482
112 418 46818
128 2040 261128
144 9790 1409794
200 3990 798010
252 1984 499972
288 6900 1987212
418 1560 652082
18018206
