11
19
31
41
59
61
71
79
109
131
149
179
191
239
241
251
269
271
311
359
379
389
409
419
431
439
449
479
491
499
569
571
599
601
631
641
659
701
719
739
751
821
839
929
971
1019
1039
1051
1091
1129
1171
1181
1201
1259
1301
1319
1321
1399
1429
1439
1451
1459
1481
1489
1499
1531
1559
1571
1609
1619
1759
1801
1811
1831
1879
1889
1901
1931
1949
1979
2011
2039
2099
2111
2129
2131
2141
2309
2311
2339
2341
2351
2381
2399
2411
2459
2531
2539
2549
2551
2579
2609
2671
2699
2711
2719
2741
2791
2819
2851
2879
2909
2939
2971
2999
3011
3019
3061
3109
3119
3181
3191
3209
3221
3229
3259
3319
3359
3361
3371
3449
3491
3511
3539
3541
3559
3659
3671
3691
3701
3709
3719
3761
3769
3779
3889
3911
3931
4019
4079
4091
4099
4111
4129
4139
4211
4219
4241
4259
4271
4339
4349
4409
4421
4451
4519
4591
4639
4679
4721
4799
4801
4889
4919
4931
4951
4999
5011
5039
5051
5099
5119
5171
5179
5189
5231
5279
5309
5351
5399
5419
5431
5449
5471
5479
5501
5519
5521
5569
5639
5651
5659
5711
5749
5791
5851
5879
5939
6029
6089
6121
6131
6151
6199
6269
6299
6301
6311
6359
6379
6449
6451
6551
6569
6571
6599
6659
6689
6701
6719
6779
6791
6829
6899
6911
6959
6971
7001
7019
7039
7079
7109
7121
7129
7151
7159
7331
7351
7411
7459
7481
7499
7529
7559
7561
7591
7621
7681
7691
7699
7741
7759
7789
7829
7901
7919
7951
8039
8111
8179
8191
8219
8231
8269
8291
8311
8389
8419
8429
8431
8501
8521
8539
8609
8629
8699
8719
8779
8819
8839
8951
8999
9041
9059
9161
9199
9209
9221
9239
9281
9311
9341
9391
9419
9421
9461
9479
9491
9511
9539
9551
9619
9631
9649
9719
9721
9791
9811
9839
9851
9859
9871
323 1480488
