-994 15
-993 -568
-992 -115
-992 18
-985 339
-970 -602
-969 810
-963 679
-960 35
-957 -926
-954 366
-952 669
-950 338
-946 780
-941 -333
-938 750
-935 435
-930 111
-928 -664
-922 255
-921 -333
-920 -871
-918 -379
-911 692
-901 253
-900 -185
-893 -826
-885 509
-884 920
-883 -38
-879 206
-871 638
-864 -841
-863 745
-860 288
-855 -388
-854 -239
-854 -420
-850 56
-848 -477
-841 -332
-838 -76
-829 975
-827 -607
-813 -757
-812 786
-811 286
-808 222
-806 -917
-805 -825
-797 -554
-788 429
-786 242
-783 169
-783 774
-783 846
-779 757
-776 -558
-768 -850
-758 -396
-756 323
-755 -273
-754 70
-746 -161
-746 194
-746 412
-740 -95
-737 -215
-730 141
-721 691
-720 -734
-717 -389
-713 617
-712 -102
-707 52
-702 283
-702 -680
-689 207
-687 301
-683 831
-679 -826
-677 -167
-676 419
-671 300
-669 -613
-668 -719
-666 63
-665 -726
-660 350
-654 839
-653 -782
-651 420
-646 -422
-646 783
-644 -686
-636 184
-633 -533
-631 424
-624 675
-617 -749
-614 142
-613 38
-610 -275
-603 -758
-601 159
-599 798
-589 -536
-586 -365
-586 -967
-582 974
-576 108
-572 -669
-571 -847
-563 810
-560 -912
-557 262
-553 900
-548 -511
-544 808
-539 -206
-529 262
-529 490
-528 52
-527 54
-526 -246
-517 74
-508 -934
-502 -337
-496 570
-493 178
-488 303
-488 732
-484 265
-480 405
-479 -645
-477 -23
-476 -535
-471 737
-470 93
-465 -16
-464 -984
-461 -746
-456 -441
-454 -947
-453 -935
-449 -463
-449 682
-436 263
-421 177
-418 -144
-418 359
-408 525
-406 228
-401 -720
-398 -133
-397 106
-397 -160
-394 -912
-393 -388
-389 938
-381 -36
-373 -412
-371 158
-370 -526
-358 -479
-350 345
-345 -421
-344 -636
-342 329
-342 707
-334 168
-330 -809
-327 328
-323 891
-319 -349
-313 997
-311 -145
-306 -447
-305 192
-305 569
-304 127
-293 263
-291 -917
-286 -607
-282 671
-281 399
-278 293
-277 -153
-277 322
-272 270
-268 980
-264 952
-261 -586
-248 -473
-241 213
-239 -272
-228 -159
-228 816
-218 -878
-212 817
-210 943
-210 -969
-209 -24
-197 -565
-192 869
-189 143
-188 969
-185 363
-181 65
-178 540
-175 -112
-174 12
-173 -691
-158 213
-153 -676
-151 786
-151 -923
-147 -691
-146 382
-139 -665
-138 754
-133 464
-129 413
-108 0
-105 569
-95 380
-92 -567
-91 810
-87 386
-85 338
-79 -401
-75 -61
-69 -499
-65 -476
-60 138
-60 898
-57 -419
-52 -17
-51 366
-46 -897
-43 94
-36 652
-28 -781
-23 2
-22 420
-22 -503
-14 -163
-10 913
-3 705
-1 901
6 -556
9 -426
17 553
19 754
21 -252
23 -970
24 -966
27 544
33 -385
33 802
35 707
37 -441
43 -212
43 223
46 -971
54 316
55 -9
56 -429
57 -105
57 713
63 698
66 441
66 -481
68 513
75 -478
75 -982
78 621
80 -24
87 870
88 -745
91 335
91 663
92 155
95 946
103 -972
105 -711
116 -21
120 410
128 -889
129 498
130 542
139 -214
143 983
144 655
149 -331
156 -272
156 502
158 372
165 536
168 827
171 -517
184 -258
190 -523
192 -500
207 353
212 -331
213 -373
218 940
222 -239
222 -659
223 -112
230 -222
235 264
242 142
242 711
244 -476
250 -554
253 -141
254 -164
254 -866
256 758
264 921
265 314
269 -77
272 -577
273 -175
273 -245
279 758
280 951
283 -331
287 -150
291 558
306 -615
327 394
328 808
329 894
330 670
331 698
343 -756
347 927
348 -318
348 -556
355 -580
357 -863
363 466
366 -498
369 714
372 -125
385 613
386 757
389 -946
408 -419
409 736
410 849
417 -604
423 185
423 558
429 926
431 -961
433 925
436 970
448 259
453 267
454 12
458 355
460 -519
468 -250
472 378
489 283
491 368
493 443
494 130
506 829
512 250
514 463
518 -420
521 -475
527 144
528 -412
530 -269
530 381
532 288
532 -873
533 -946
534 332
537 -80
540 628
546 680
554 -555
555 164
567 -49
576 -145
595 70
599 800
600 110
601 598
602 91
604 -603
605 -147
611 -210
612 633
614 335
615 876
628 -553
633 213
644 -630
645 -599
649 -501
650 47
652 -116
657 -380
657 734
668 973
669 -621
677 669
680 -401
682 -944
683 -433
687 35
689 963
691 828
693 22
694 -315
697 -639
699 72
700 -933
700 -966
708 670
720 -780
728 39
734 203
735 32
741 158
741 -577
743 -402
746 140
748 -688
748 876
750 -42
752 85
754 295
762 -104
763 -103
766 -548
767 845
768 231
781 -210
784 359
791 537
804 -415
806 528
809 49
811 -400
811 -552
812 286
817 -69
828 -517
836 939
839 296
842 -934
842 974
843 -172
844 255
846 830
849 -687
850 48
854 -758
855 593
860 438
861 204
862 821
863 -835
876 -701
878 251
882 -594
888 112
890 -574
892 681
894 487
894 610
910 735
913 -860
918 833
925 -10
928 719
929 780
935 -595
938 -426
941 77
944 225
948 -879
951 -960
953 -30
956 698
960 -166
963 -429
964 -726
984 178
987 927
990 896
