kk=0, num=781130918 den=1 t=781130918 kpart=781130918 sum=-415695409
kk=1, num=164954955 den=1 t=164954955 kpart=616175963 sum=-281255238
kk=2, num=996046160 den=-499999968 t=-501976857 kpart=114199106 sum=-888062781
kk=3, num=145067173 den=-166666656 t=-142488794 kpart=256687900 sum=-675598895
kk=4, num=295435385 den=-41666664 t=-696023481 kpart=-439335581 sum=589441525
kk=5, num=458647686 den=391666642 t=353822042 kpart=-793157623 sum=412560295
kk=6, num=805578827 den=398611086 t=319174395 kpart=-473983228 sum=67321382
kk=7, num=217090283 den=-85912693 t=-11663275 kpart=-462319953 sum=528322159
kk=8, num=577587740 den=-385739063 t=-664172141 kpart=-126492157 sum=881974404
kk=9, num=682555277 den=-153971000 t=-175871675 kpart=49379518 sum=-861252930
kk=10, num=713549716 den=-15397100 t=-24379211 kpart=25000307 sum=-716836377
kk=11, num=2618842 den=180418434 t=402300109 kpart=-377299802 sum=314907599
kk=12, num=529801498 den=-484965099 t=-114839178 kpart=-492138980 sum=259512302
kk=13, num=258477763 den=-421920368 t=-755370241 kpart=263231261 sum=-705374947
kk=14, num=172579219 den=-172994303 t=-584068406 kpart=-320837145 sum=162579758
kk=15, num=193798355 den=-78199616 t=-897193971 kpart=576356826 sum=-560115768
kk=16, num=434029228 den=-4887476 t=-568790869 kpart=7565957 sum=-858044511
kk=17, num=102114379 den=-117934550 t=-94591732 kpart=102157689 sum=-898659799
kk=18, num=29810014 den=437892497 t=288440624 kpart=390598313 sum=-65844355
kk=19, num=587805190 den=-187479329 t=-546601237 kpart=937199550 sum=-259005454
kk=20, num=117407489 den=-159373957 t=-282200884 kpart=654998666 sum=-306588226
kk=21, num=358974029 den=-388541593 t=-860298184 kpart=515296913 sum=-709601740
kk=22, num=179193333 den=482338987 t=161585639 kpart=676882552 sum=-651377032
kk=23, num=129643788 den=-413811321 t=-551552358 kpart=228434973 sum=-895055262
kk=24, num=680181501 den=357757838 t=575792352 kpart=804227325 sum=-708845021
kk=25, num=213011277 den=54310311 t=429205814 kpart=375021511 sum=-647179859
kk=26, num=786748430 den=-113295750 t=-53693817 kpart=321327694 sum=-905073609
kk=27, num=197804054 den=-115307243 t=-557882305 kpart=879209999 sum=-43704341
kk=28, num=913863081 den=-325546667 t=-856722201 kpart=22487798 sum=-983020573
kk=29, num=256118490 den=230153548 t=895537186 kpart=-873049388 sum=307019357
kk=30, num=800343766 den=-125661540 t=-501023108 kpart=-374072559 sum=541754986
kk=31, num=925594093 den=-133085848 t=-531255230 kpart=157182671 sum=-822588627
kk=32, num=612067103 den=-254158917 t=-830233674 kpart=-673051003 sum=198321909
kk=33, num=403448749 den=174116385 t=134216011 kpart=-807267014 sum=508609244
kk=34, num=855642996 den=34532833 t=549997682 kpart=-257269332 sum=834748556
kk=35, num=871396006 den=172415213 t=447081309 kpart=-704350641 sum=561908842
kk=36, num=855089312 den=-467432881 t=-801371627 kpart=-505722331 sum=34548508
kk=37, num=639093244 den=-336957625 t=-218668865 kpart=-287053466 sum=446605389
kk=38, num=747687160 den=-140446245 t=-672335380 kpart=-959388846 sum=727302936
kk=39, num=78287466 den=-234370402 t=-33922090 kpart=-925466756 sum=968969248
kk=40, num=433647707 den=-355859238 t=-295473042 kpart=-220939861 sum=501893904
kk=41, num=327927037 den=-301362402 t=-777030629 kpart=556090768 sum=-799334675
kk=42, num=939725910 den=-292889563 t=-459540794 kpart=96549974 sum=-800524516
kk=43, num=643781164 den=-378904385 t=-387689963 kpart=484239937 sum=-635117517
kk=44, num=291645039 den=14115808 t=634035227 kpart=118275227 sum=-9893620
kk=45, num=104838523 den=-421908511 t=-921002074 kpart=39277364 sum=-906203178
kk=46, num=709509547 den=-291780602 t=-790738799 kpart=-751461435 sum=688591519
kk=47, num=553429837 den=-431739986 t=-131443997 kpart=-620017438 sum=225741411
kk=48, num=689780792 den=32672081 t=328272377 kpart=-291745061 sum=693462789
kk=49, num=806396088 den=163932073 t=693164394 kpart=-984909455 sum=315642659
kk=50, num=335616788 den=423278615 t=145131954 kpart=-839777501 sum=927984675
kk=51, num=116782069 den=145554474 t=696810345 kpart=-536587909 sum=444826184
kk=52, num=140202698 den=-497200844 t=-168338064 kpart=-704925973 sum=471841391
kk=53, num=687503777 den=-9381148 t=-88919221 kpart=-616006752 sum=849406121
kk=54, num=253529953 den=-370544072 t=-77062317 kpart=-693069069 sum=55520384
kk=55, num=8161361 den=465990078 t=488572277 kpart=-181641409 sum=142003677
kk=56, num=524775283 den=-98821599 t=-848863022 kpart=-30504494 sum=753832189
kk=57, num=318066072 den=103529439 t=73633460 kpart=-104137954 sum=25865655
kk=58, num=620804636 den=53509125 t=961082482 kpart=856944528 sum=-496043735
kk=59, num=519496394 den=-117737126 t=-250256652 kpart=107201243 sum=-773420673
kk=60, num=897719680 den=-368628929 t=-28927015 kpart=78274228 sum=-729553257
kk=61, num=208998409 den=-333911929 t=-303706119 kpart=381980347 sum=-946379850
kk=62, num=442554677 den=-53772770 t=-357980986 kpart=23999361 sum=-904231922
kk=63, num=937554907 den=-254821774 t=-675438415 kpart=699437776 sum=-278285240
kk=64, num=925238926 den=214768396 t=572644492 kpart=272082331 sum=-905086816
kk=65, num=743192610 den=34073358 t=458837727 kpart=-186755396 sum=991372679
kk=66, num=791702971 den=516263 t=976667111 kpart=789911715 sum=-850614605
kk=67, num=241452004 den=44783822 t=249907360 kpart=540004355 sum=-566278482
kk=68, num=721337437 den=324187977 t=167878106 kpart=707882461 sum=-753718003
kk=69, num=695771498 den=178611409 t=429002987 kpart=278879474 sum=-806145024
kk=70, num=760559937 den=-240305536 t=-835217994 kpart=-556338520 sum=388194016
kk=71, num=827906266 den=179713995 t=921932783 kpart=-478271366 sum=229523920
kk=72, num=83124246 den=294162676 t=184321572 kpart=-293949794 sum=226122754
kk=73, num=227447355 den=319098099 t=175493594 kpart=-469443388 sum=761438548
kk=74, num=612421835 den=423231029 t=738462372 kpart=269018984 sum=-156473668
kk=75, num=16951844 den=-221023572 t=-348912459 kpart=617931443 sum=-824809849
kk=76, num=290564233 den=154986522 t=727380772 kpart=345312278 sum=-919029932
kk=77, num=798390376 den=157856958 t=991819637 kpart=-646507359 sum=118532342
kk=78, num=551383634 den=-151822337 t=-171311149 kpart=-817818508 sum=454351482
kk=79, num=693918151 den=-318377478 t=-772262390 kpart=-45556118 sum=556865072
kk=80, num=138538847 den=-328979698 t=-918645816 kpart=-964201934 sum=156149977
kk=81, num=269353571 den=193469374 t=49069764 kpart=-13271761 sum=297402596
kk=82, num=340814799 den=295042291 t=438615964 kpart=425344203 sum=-611894354
kk=83, num=29264320 den=-394035610 t=-908899792 kpart=334244058 sum=-891161547
kk=84, num=162303718 den=-457071824 t=-101862675 kpart=232381383 sum=-133246282
kk=85, num=937229246 den=-40671431 t=-11333817 kpart=243715200 sum=-213462445
kk=86, num=8540100 den=266968920 t=417328283 kpart=661043483 sum=-172150565
kk=87, num=609229541 den=-479689982 t=-967361737 kpart=628405283 sum=-664206711
kk=88, num=214325636 den=-119087379 t=-851727221 kpart=-223321938 sum=994088611
kk=89, num=535502374 den=77313620 t=660836507 kpart=-884158445 sum=148868056
kk=90, num=526138037 den=-221363168 t=-13079386 kpart=-897237831 sum=488378036
kk=91, num=684468177 den=-288146830 t=-863751771 kpart=-33486060 sum=596670653
kk=92, num=438843000 den=-416175483 t=-992218604 kpart=-25704727 sum=705939508
kk=93, num=376079444 den=-391571755 t=-184016331 kpart=158311604 sum=-108070578
kk=94, num=454249412 den=-163740115 t=-645430245 kpart=-487118641 sum=15173684
kk=95, num=102256059 den=261434298 t=685105828 kpart=-172224532 sum=585440067
kk=96, num=189849708 den=65223270 t=544410157 kpart=372185625 sum=-841382567
kk=97, num=257603269 den=-452935814 t=-684274405 kpart=56460093 sum=-140033954
kk=98, num=690890958 den=-25029956 t=-368995021 kpart=-312534928 sum=562141325
kk=99, num=293190323 den=474494617 t=784377285 kpart=-96912276 sum=479190733
kk=100, num=421119785 den=-405255028 t=-13167003 kpart=-110079279 sum=727496961
kk=101, num=322074692 den=-211933205 t=-25222398 kpart=-84856881 sum=234778421
kk=102, num=137447958 den=-305999326 t=-157792363 kpart=-242649244 sum=525184954
kk=103, num=266970810 den=-32097079 t=-719109919 kpart=476460675 sum=-747686154
kk=104, num=332502619 den=-240693226 t=-62520273 kpart=413940402 sum=-358364847
kk=105, num=274804657 den=-307054202 t=-976954241 kpart=390894706 sum=-852436458
kk=106, num=629675961 den=261254189 t=887696625 kpart=278591394 sum=-33281114
kk=107, num=447796555 den=-334006949 t=-530992405 kpart=809583799 sum=-430331085
kk=108, num=583027357 den=-401240780 t=-221883518 kpart=587700281 sum=-954094973
kk=109, num=650805111 den=-159644401 t=-658869585 kpart=246569929 sum=-466472551
kk=110, num=898871880 den=116730498 t=800919624 kpart=47489616 sum=-968802419
kk=111, num=321969037 den=325375930 t=445021213 kpart=-397531597 sum=657503992
kk=112, num=825203556 den=485047969 t=65967806 kpart=-331563791 sum=993383965
kk=113, num=801120859 den=-270043806 t=-459626911 kpart=128063120 sum=-197201756
kk=114, num=168465772 den=-476052986 t=-851909386 kpart=-723846266 sum=405132660
kk=115, num=385970371 den=456729945 t=424366526 kpart=-148212855 sum=180657598
kk=116, num=706480718 den=-4683362 t=-156862331 kpart=-305075186 sum=676325805
kk=117, num=279936502 den=-264997277 t=-436397199 kpart=131322013 sum=-99489130
kk=118, num=745406840 den=74025442 t=277104942 kpart=408426955 sum=-428295159
kk=119, num=304515880 den=479613629 t=496076945 kpart=-87649990 sum=432582070
kk=120, num=274641483 den=362330091 t=796950330 kpart=709300340 sum=-172690467
kk=121, num=367765736 den=358366342 t=826334459 kpart=-117034119 sum=436554097
kk=122, num=807489798 den=-275751078 t=-300472592 kpart=-417506711 sum=489723113
kk=123, num=403820760 den=-490046726 t=-795968099 kpart=378461388 sum=-782305356
kk=124, num=862950712 den=44435104 t=50348389 kpart=428809777 sum=-457205530
kk=125, num=97003704 den=-335644498 t=-584422535 kpart=13232375 sum=-923686853
kk=126, num=647160974 den=219558363 t=571181 kpart=13803556 sum=-102717760
kk=127, num=734023524 den=-29767255 t=-791448178 kpart=805251734 sum=-777085766
kk=128, num=920034649 den=179454932 t=775539063 kpart=580790860 sum=-142610484
kk=129, num=109466204 den=9143061 t=243664372 kpart=337126488 sum=-132296906
kk=130, num=827346788 den=361608770 t=220210759 kpart=557337247 sum=-953419275
kk=131, num=762773536 den=445508436 t=454339854 kpart=102997393 sum=-942039960
kk=132, num=306452091 den=-451170362 t=-542639809 kpart=-439642416 sum=394119796
kk=133, num=952033149 den=-259031340 t=-846095191 kpart=406452775 sum=-343136285
kk=134, num=516028345 den=-255664397 t=-970928194 kpart=-564475419 sum=524357478
kk=135, num=11922240 den=79587666 t=314870209 kpart=-879345628 sum=862896062
kk=136, num=38526710 den=-14120678 t=-300582829 kpart=-179928520 sum=237532089
kk=137, num=400965126 den=-87694306 t=-670001236 kpart=490072716 sum=-770269786
kk=138, num=810727008 den=-449910800 t=-730442517 kpart=-240369801 sum=146785434
kk=139, num=200002552 den=298921486 t=814091241 kpart=-54461105 sum=222976954
kk=140, num=602149097 den=-126436267 t=-798510643 kpart=-852971748 sum=52630552
kk=141, num=998825878 den=-100187485 t=-974137884 kpart=121166136 sum=-957440679
kk=142, num=18486613 den=-303522428 t=-16755790 kpart=104410346 sum=-926316721
kk=143, num=436322800 den=459415898 t=608453909 kpart=-504043563 sum=787050258
kk=144, num=893238069 den=-177365156 t=-434370861 kpart=-938414424 sum=905465872
kk=145, num=67358349 den=-49499067 t=-640213408 kpart=-298201016 sum=128636868
kk=146, num=42149896 den=-240065047 t=-401764283 kpart=-699965299 sum=281525708
kk=147, num=26565781 den=107210435 t=116556862 kpart=-816522161 sum=356011186
kk=148, num=49599616 den=493967607 t=167177027 kpart=-649345134 sum=613964206
kk=149, num=118084247 den=-36953235 t=-204095530 kpart=-445249604 sum=413675178
kk=150, num=773762627 den=-300246336 t=-326607376 kpart=-771856980 sum=639270668
kk=151, num=901732786 den=-81458580 t=-914598068 kpart=142741088 sum=-907533751
kk=152, num=831328108 den=183674603 t=819354871 kpart=962095959 sum=-804503951
kk=153, num=845732255 den=-11871407 t=-444654801 kpart=406750823 sum=-987507798
kk=154, num=883421968 den=-149427727 t=-976594608 kpart=-569843785 sum=290382897
kk=155, num=56325465 den=295810125 t=892016634 kpart=-461860482 sum=214872526
kk=156, num=299535128 den=251896203 t=161780242 kpart=-300080240 sum=343523344
kk=157, num=918355523 den=-278650325 t=-71200078 kpart=-228880162 sum=154846106
kk=158, num=51576299 den=-463788897 t=-331544711 kpart=-560424873 sum=627728006
kk=159, num=240991527 den=-97256528 t=-670032256 kpart=109607383 sum=-808059957
kk=160, num=131081497 den=-100607847 t=-25540123 kpart=84067260 sum=-105093578
kk=161, num=93589790 den=104965162 t=87787064 kpart=-3719804 sum=104076795
kk=162, num=369273428 den=-320339701 t=-965220626 kpart=-968940430 sum=568996302
kk=163, num=957862720 den=274108328 t=173896555 kpart=-142837048 sum=244398641
kk=164, num=700303157 den=318744543 t=802145100 kpart=659308052 sum=-132293331
kk=165, num=346502488 den=-52613666 t=-320339329 kpart=979647381 sum=-385320027
kk=166, num=360037959 den=-205136214 t=-458527390 kpart=521119991 sum=-460876106
kk=167, num=990803082 den=483801549 t=24756066 kpart=496363925 sum=-441259437
kk=168, num=550546946 den=-122120221 t=-952068900 kpart=-455704975 sum=571302982
kk=169, num=392507349 den=88034786 t=649563340 kpart=-105268378 sum=304066025
kk=170, num=145957963 den=-223011546 t=-30310517 kpart=-135578895 sum=174227650
kk=171, num=788083512 den=33783556 t=137657367 kpart=-273236262 sum=646622797
kk=172, num=195350677 den=46708041 t=5533981 kpart=-267702281 sum=514352384
kk=173, num=257304876 den=-109556594 t=-610087505 kpart=342385224 sum=-760342974
kk=174, num=873133282 den=45347373 t=112009275 kpart=454394499 sum=-732439916
kk=175, num=126069609 den=405973388 t=513962559 kpart=-59568060 sum=150953417
kk=176, num=107832781 den=388670279 t=717034036 kpart=657465976 sum=-181327799
kk=177, num=374062999 den=-365035738 t=-500879635 kpart=158345674 sum=-660665222
kk=178, num=250418037 den=177724507 t=973574471 kpart=131920208 sum=-978249682
kk=179, num=84024163 den=-278336717 t=-151474564 kpart=283394772 sum=-353948048
kk=180, num=51286295 den=-107101864 t=-138203934 kpart=145190838 sum=-255018806
kk=181, num=875179635 den=364049138 t=789234523 kpart=-644043685 sum=861850677
kk=182, num=643033308 den=298703548 t=682586330 kpart=38542645 sum=-847095174
kk=183, num=211512053 den=487971027 t=227629311 kpart=-189086666 sum=970456827
kk=184, num=940580603 den=-231043621 t=-50338669 kpart=-239425335 sum=399063495
kk=185, num=880465114 den=285237584 t=735575267 kpart=-975000602 sum=507792898
kk=186, num=328414199 den=-202767527 t=-158195430 kpart=-133196095 sum=496428960
kk=187, num=775647726 den=-102688590 t=-337607428 kpart=204411333 sum=-65127820
kk=188, num=761742096 den=-479269590 t=-35690875 kpart=168720458 sum=-3266738
kk=189, num=14551607 den=-494599279 t=-783915835 kpart=952636293 sum=-674210594
kk=190, num=466667009 den=297396827 t=485654091 kpart=438290447 sum=-281032767
kk=191, num=266959204 den=-343992665 t=-815655479 kpart=253945989 sum=-791142522
kk=192, num=829947511 den=461750009 t=817160121 kpart=71106173 sum=-234130616
kk=193, num=508837148 den=416900233 t=924718778 kpart=-853612605 sum=951079808
kk=194, num=928349106 den=-229809778 t=-397012513 kpart=-250625181 sum=759301310
kk=195, num=897395736 den=480872740 t=621226539 kpart=-871851720 sum=698596562
kk=196, num=763509715 den=349392186 t=162240725 kpart=-709610995 sum=736714498
kk=197, num=301124963 den=336798924 t=917309659 kpart=-626920717 sum=407932235
kk=198, num=877485882 den=335034317 t=674250357 kpart=47329640 sum=-84743586
kk=199, num=561545107 den=-490778691 t=-913361444 kpart=960691084 sum=-588288837
kk=200, num=882120714 den=212546093 t=127023751 kpart=87714898 sum=-99497718
kk=201, num=407837933 den=289614639 t=177599296 kpart=-89884398 sum=816966287
kk=202, num=482255916 den=36087199 t=306025042 kpart=216140644 sum=-50242137
kk=203, num=748358399 den=349931442 t=192952808 kpart=23187836 sum=-650800863
kk=204, num=229437303 den=442891793 t=908556231 kpart=931744067 sum=-489857328
kk=205, num=355046370 den=324111647 t=991775600 kpart=-60031533 sum=537414020
kk=206, num=95814902 den=462738377 t=37139859 kpart=-22891674 sum=454629896
kk=207, num=873294041 den=340399681 t=703549874 kpart=-726441548 sum=545579473
kk=208, num=436453906 den=73751917 t=277564584 kpart=-448876964 sum=141583447
kk=209, num=633074819 den=297003579 t=863383575 kpart=-312260602 sum=350544982
kk=210, num=201491610 den=158557150 t=443231531 kpart=130970929 sum=-556514337
kk=211, num=544074572 den=-259912035 t=-109200914 kpart=240171843 sum=-880142082
kk=212, num=761148360 den=-5942981 t=-526641030 kpart=-286469187 sum=166550627
kk=213, num=278532066 den=150206831 t=601500369 kpart=-887969556 sum=125611790
kk=214, num=798511780 den=52103767 t=353020122 kpart=-534949434 sum=897935449
kk=215, num=264526507 den=204893493 t=424904020 kpart=-959853454 sum=789642484
kk=216, num=569210997 den=14837469 t=54522606 kpart=-905330848 sum=755009359
kk=217, num=169595996 den=-276429303 t=-919393003 kpart=14062155 sum=-303258732
kk=218, num=892965024 den=-5855180 t=-278617993 kpart=-264555838 sum=698043039
kk=219, num=760495867 den=132393347 t=554926586 kpart=-819482424 sum=775722979
kk=220, num=455903474 den=405147217 t=348338063 kpart=-471144361 sum=689898447
kk=221, num=118951553 den=205453142 t=849284699 kpart=-320429123 sum=29125524
kk=222, num=927379675 den=478402912 t=266995 kpart=-320162128 sum=468514511
kk=223, num=171698725 den=239813451 t=368616933 kpart=-688779061 sum=66098814
kk=224, num=460846777 den=-48036544 t=-875280369 kpart=-564059493 sum=626015987
kk=225, num=17644942 den=-169102374 t=-769271771 kpart=205212278 sum=-194506885
kk=226, num=268997203 den=-398978304 t=-595099114 kpart=-389886836 sum=810064904
kk=227, num=16912179 den=443176279 t=31191792 kpart=-421078628 sum=275115770
kk=228, num=684135006 den=-291915875 t=-476342753 kpart=-897421381 sum=561132751
kk=229, num=417151750 den=470340949 t=332835156 kpart=-230256600 sum=817784559
kk=230, num=29528656 den=319436245 t=586785669 kpart=356529069 sum=-312543911
kk=231, num=57907418 den=10040849 t=676748539 kpart=-320219470 sum=238778220
kk=232, num=198936537 den=306077743 t=81269141 kpart=-238950329 sum=526337100
kk=233, num=207729389 den=-217570468 t=-229418381 kpart=-9531948 sum=242082272
kk=234, num=550675118 den=323856516 t=398772256 kpart=389240308 sum=-187466396
kk=235, num=151638441 den=31165345 t=626756577 kpart=-237516269 sum=225957750
kk=236, num=515730278 den=114538829 t=843446597 kpart=605930328 sum=-260316523
kk=237, num=156160064 den=-299094754 t=-869223710 kpart=475154101 sum=-600699375
kk=238, num=558454605 den=469331505 t=751152953 kpart=226307117 sum=-937324033
kk=239, num=697979051 den=-299291481 t=-41413942 kpart=267721059 sum=-63827695
kk=240, num=108572083 den=-363747025 t=-677347837 kpart=-409626778 sum=800170842
kk=241, num=17630211 den=-267069473 t=-457283736 kpart=47656958 sum=-987243825
kk=242, num=975836052 den=-319285391 t=-43639877 kpart=4017081 sum=-699899720
kk=243, num=239543391 den=-388145183 t=-193725550 kpart=197742631 sum=-507298623
kk=244, num=824860019 den=420540362 t=843464854 kpart=41207548 sum=-947336358
kk=245, num=622431979 den=-124814113 t=-256082527 kpart=297290075 sum=-406325453
kk=246, num=620237293 den=-459856939 t=-981513847 kpart=-684223772 sum=788715092
kk=247, num=393489722 den=-439108705 t=-143670709 kpart=-540553063 sum=162906656
kk=248, num=247515141 den=389358408 t=327098269 kpart=-213454794 sum=843713819
kk=249, num=438549129 den=-383978456 t=-42350788 kpart=-171104006 sum=211953003
kk=250, num=263786009 den=350464064 t=564674462 kpart=393570456 sum=-564359336
kk=251, num=772440576 den=-217727221 t=-595544346 kpart=989114802 sum=-622609906
kk=252, num=791893456 den=479294703 t=712836374 kpart=701951239 sum=-788126100
kk=253, num=122791762 den=-274785379 t=-984954864 kpart=686906166 sum=-863227881
kk=254, num=901241232 den=302067755 t=814537876 kpart=501444105 sum=-570418085
kk=255, num=597451749 den=-312540891 t=-725839478 kpart=227283646 sum=-718267079
kk=256, num=360189931 den=-395752088 t=-250219266 kpart=-22935620 sum=808088217
kk=257, num=696956568 den=-456792781 t=-989914732 kpart=966979112 sum=-925383416
kk=258, num=808760523 den=188151954 t=307214508 kpart=274193683 sum=-320346034
kk=259, num=498852640 den=-308153834 t=-301593629 kpart=575787312 sum=-204600501
kk=260, num=176218074 den=-147339044 t=-194400908 kpart=381386404 sum=-593467007
kk=261, num=348366996 den=133535091 t=442967559 kpart=-61581155 sum=704683495
kk=262, num=430784823 den=-384986483 t=-384867181 kpart=-446448336 sum=317371237
kk=263, num=11167849 den=-62300325 t=-666083805 kpart=219635469 sum=-291266436
kk=264, num=973844627 den=352036719 t=903091357 kpart=122726889 sum=-258814446
kk=265, num=351262773 den=-345841349 t=-921116251 kpart=43843203 sum=-893298445
kk=266, num=99110126 den=77647208 t=53252583 kpart=97095786 sum=-999491537
kk=267, num=467303996 den=-467873951 t=-700889136 kpart=797984922 sum=-514460507
kk=268, num=785858013 den=-438312935 t=-871758594 kpart=-73773672 sum=588628778
kk=269, num=173366308 den=-5346888 t=-290248614 kpart=216474942 sum=-355944963
kk=270, num=743353750 den=88869080 t=38903584 kpart=255378526 sum=-856840299
kk=271, num=551134325 den=446822367 t=145774292 kpart=109604234 sum=-716128039
kk=272, num=100857957 den=-465269006 t=-356924034 kpart=-247319800 sum=595111357
kk=273, num=104864158 den=-357015615 t=-218430242 kpart=-28889558 sum=912240156
kk=274, num=824371831 den=-391813901 t=-327645600 kpart=-356535158 sum=9836240
kk=275, num=533433670 den=-190515675 t=-110308616 kpart=-246226542 sum=29436213
kk=276, num=470459902 den=227570581 t=980301919 kpart=734075377 sum=-607372377
kk=277, num=792412029 den=-306037632 t=-201474036 kpart=935549413 sum=-844185179
kk=278, num=688455202 den=-58654808 t=-233927446 kpart=701621967 sum=-298253660
kk=279, num=230216501 den=92979726 t=532203210 kpart=169418757 sum=-53114449
kk=280, num=691127778 den=150332061 t=826706605 kpart=996125362 sum=-899925753
kk=281, num=716091569 den=25446020 t=534571283 kpart=461554079 sum=-176696204
kk=282, num=399763398 den=99381008 t=957665317 kpart=419219459 sum=-46794786
kk=283, num=835579061 den=-70320204 t=-729408303 kpart=148627825 sum=-475351265
kk=284, num=891904811 den=-422782791 t=-57075328 kpart=91552497 sum=-111202643
kk=285, num=90072957 den=114306018 t=692795729 kpart=-601243232 sum=750709545
kk=286, num=330490150 den=-118481440 t=-344703913 kpart=-945947145 sum=329579251
kk=287, num=368708014 den=487392020 t=55085645 kpart=-1032853 sum=291255391
kk=288, num=408545662 den=-401085419 t=-347190612 kpart=-348223465 sum=133072988
kk=289, num=487978821 den=-388931067 t=-481710512 kpart=133487047 sum=-735481689
kk=290, num=729449953 den=-308237674 t=-977299432 kpart=-843812385 sum=711296342
kk=291, num=132149274 den=-69787754 t=-606201859 kpart=-237610526 sum=842098499
kk=292, num=654407634 den=-267362270 t=-554296203 kpart=-791906729 sum=281378379
kk=293, num=269257514 den=459838325 t=31764766 kpart=-823671495 sum=889205325
kk=294, num=172151168 den=270271542 t=563697588 kpart=-259973907 sum=658750723
kk=295, num=579255115 den=-53321110 t=-650828851 kpart=390854944 sum=-885654254
kk=296, num=52013315 den=344414434 t=574779341 kpart=965634285 sum=-252937197
kk=297, num=421069720 den=-315338652 t=-267930098 kpart=233564446 sum=-26945100
kk=298, num=327427618 den=-350051450 t=-671786797 kpart=-438222351 sum=383542674
kk=299, num=323366608 den=-148327922 t=-30579476 kpart=-407642875 sum=227284436
kk=300, num=242574021 den=-313827740 t=-589109583 kpart=-996752458 sum=340428069
kk=301, num=222622549 den=131847740 t=807882963 kpart=-804635484 sum=534453823
kk=302, num=492852574 den=-138636257 t=-416791638 kpart=-221427185 sum=702793488
kk=303, num=675508366 den=105153009 t=764572977 kpart=-986000162 sum=248571467
kk=304, num=292667349 den=365477454 t=320138858 kpart=-665861304 sum=170103253
kk=305, num=965138225 den=158575326 t=306404784 kpart=-972266088 sum=585870805
kk=306, num=572928024 den=-195560199 t=-444758051 kpart=-417024202 sum=790459640
kk=307, num=434728296 den=106854846 t=47450580 kpart=-464474782 sum=219517927
kk=308, num=267976653 den=-408743952 t=-91584765 kpart=-556059547 sum=195267837
kk=309, num=276392134 den=-156662592 t=-848770858 kpart=292711311 sum=-907569274
kk=310, num=629957104 den=-400505338 t=-757996626 kpart=-465285315 sum=972092661
kk=311, num=181414828 den=-393570732 t=-149787069 kpart=-315498246 sum=175518468
kk=312, num=822283008 den=-347415269 t=-415891622 kpart=-731389868 sum=510513466
kk=313, num=818234718 den=436589700 t=566875536 kpart=-298265467 sum=683766849
kk=314, num=307886961 den=-145106393 t=-177052920 kpart=-475318387 sum=11664173
kk=315, num=129067995 den=472555188 t=484488562 kpart=-959806949 sum=492947007
kk=316, num=443018045 den=-201036205 t=-124267561 kpart=-84074573 sum=307474689
kk=317, num=834946141 den=-410728795 t=-987826004 kpart=903751431 sum=-78653962
kk=318, num=64487773 den=284871904 t=836587357 kpart=740338851 sum=-220651042
kk=319, num=497445053 den=279889863 t=505677407 kpart=234661444 sum=-247058308
kk=320, num=318865475 den=378999632 t=296049215 kpart=530710659 sum=-705258335
kk=321, num=494630242 den=471585639 t=437708217 kpart=93002442 sum=-804830177
kk=322, num=477459164 den=110160197 t=879306182 kpart=972308624 sum=-465329787
kk=323, num=735772076 den=480217184 t=662370192 kpart=309938432 sum=-54719192
kk=324, num=194968007 den=-356542517 t=-329660063 kpart=-19721631 sum=690529693
kk=325, num=314116572 den=-182635504 t=-56209334 kpart=36487703 sum=-529924238
kk=326, num=804017796 den=238703557 t=887581269 kpart=924068972 sum=-89016250
kk=327, num=415618145 den=89414990 t=620230672 kpart=303838300 sum=-214493668
kk=328, num=151811260 den=55150652 t=497408390 kpart=801246690 sum=-124370726
kk=329, num=525513914 den=480410762 t=771483433 kpart=29763257 sum=-472363996
kk=330, num=533037692 den=-259150254 t=-975996011 kpart=-946232754 sum=574604584
kk=331, num=875408396 den=346649071 t=336950254 kpart=-283183071 sum=77961975
kk=332, num=513859411 den=293212780 t=920692345 kpart=637509274 sum=-443630927
kk=333, num=439340948 den=466345955 t=873413158 kpart=-235903884 sum=17112116
kk=334, num=935588278 den=471456096 t=797838600 kpart=561934716 sum=-793422379
kk=335, num=583300617 den=276034180 t=650776831 kpart=-88842115 sum=284708040
kk=336, num=479019676 den=131773903 t=297020076 kpart=208177961 sum=-471719807
kk=337, num=51631657 den=-358659402 t=-390534454 kpart=598712415 sum=-958751585
kk=338, num=44262559 den=-433013758 t=-218763496 kpart=379948919 sum=-989223898
kk=339, num=283776965 den=152114994 t=47817452 kpart=332131467 sum=-763643354
kk=340, num=49715073 den=288682673 t=66198632 kpart=398330099 sum=-845762161
kk=341, num=668503454 den=-37276588 t=-401265279 kpart=799595378 sum=-481217658
kk=342, num=168223519 den=81762344 t=95892586 kpart=895487964 sum=-667914484
kk=343, num=821941243 den=466710648 t=305806966 kpart=589680998 sum=-124029702
kk=344, num=110780885 den=1356717 t=319423319 kpart=909104317 sum=-45026723
kk=345, num=124304615 den=-104343887 t=-518275406 kpart=427379786 sum=-955197358
kk=346, num=560521594 den=175998995 t=434826339 kpart=862206125 sum=-38353839
kk=347, num=689148053 den=-212749269 t=-745315696 kpart=607521884 sum=-192614051
kk=348, num=163300732 den=266630014 t=202445625 kpart=809967509 sum=-982315324
kk=349, num=716166854 den=-454823381 t=-417368724 kpart=227336296 sum=-885690310
kk=350, num=752812599 den=464414761 t=268264054 kpart=495600350 sum=-441920374
kk=351, num=13529309 den=-309218172 t=-460964152 kpart=956564502 sum=-132073577
kk=352, num=469347938 den=169576074 t=680217067 kpart=636781632 sum=-927426104
kk=353, num=342479709 den=130791992 t=181687506 kpart=455094126 sum=-323756565
kk=354, num=707351835 den=-174771763 t=-52618610 kpart=402475516 sum=-438699541
kk=355, num=680220925 den=-270914833 t=-909243312 kpart=311718891 sum=-191912293
kk=356, num=97441999 den=103171581 t=725984854 kpart=37703808 sum=-578152937
kk=357, num=511485159 den=319616707 t=498141769 kpart=-460437961 sum=883626957
kk=358, num=120818551 den=-415308307 t=-31151070 kpart=-491589031 sum=123002448
kk=359, num=786687731 den=-488621998 t=-140062703 kpart=-351526328 sum=320291017
kk=360, num=173048376 den=-73579501 t=-957107595 kpart=-308633986 sum=498278941
kk=361, num=770854670 den=448549613 t=691037565 kpart=-999671551 sum=146981024
kk=362, num=846506582 den=-194893497 t=-393151448 kpart=-392823062 sum=446427222
kk=363, num=601580690 den=-66652595 t=-616496258 kpart=223673196 sum=-540237794
kk=364, num=370566907 den=-332600673 t=-424529441 kpart=-200856245 sum=310895004
kk=365, num=157528292 den=325116142 t=777434023 kpart=-978290268 sum=626663647
kk=366, num=407320752 den=6352776 t=660627423 kpart=-317662845 sum=803575052
kk=367, num=872995096 den=-476821897 t=-970998901 kpart=653336056 sum=-422835975
kk=368, num=527042076 den=-150752224 t=-104101534 kpart=549234522 sum=-406230613
kk=369, num=968644444 den=-485503363 t=-740915504 kpart=290150089 sum=-181603706
kk=370, num=935858996 den=-355366203 t=-903990902 kpart=-613840813 sum=714144432
kk=371, num=66446356 den=-273195040 t=-28901648 kpart=-584939165 sum=822718134
kk=372, num=266494256 den=461631167 t=146466658 kpart=-438472507 sum=774880321
kk=373, num=229035023 den=-240049231 t=-606937405 kpart=168464898 sum=-375409476
kk=374, num=337162586 den=-318823641 t=-49706456 kpart=118758442 sum=-859968052
kk=375, num=309052147 den=247149788 t=424071987 kpart=-305313545 sum=335202112
kk=376, num=49404212 den=-329129900 t=-379544252 kpart=-684857797 sum=528041238
kk=377, num=691933239 den=158278160 t=811389578 kpart=-496247438 sum=798873258
kk=378, num=159969545 den=-338205592 t=-77159314 kpart=-573406752 sum=464219252
kk=379, num=821763440 den=302537697 t=279107022 kpart=-852513774 sum=214767453
kk=380, num=414568053 den=-422888032 t=-108142073 kpart=-960655847 sum=117852157
kk=381, num=497143202 den=363719431 t=948659201 kpart=-909315111 sum=994120961
kk=382, num=297367040 den=-174440514 t=-572248866 kpart=-481564040 sum=92926672
kk=383, num=933399888 den=310249483 t=928229454 kpart=-409793557 sum=842823846
kk=384, num=439568374 den=138828766 t=779604978 kpart=369811421 sum=-285923347
kk=385, num=664062162 den=-384054966 t=-116088873 kpart=485900294 sum=-201904839
kk=386, num=124824663 den=-120165938 t=-659908293 kpart=-174007999 sum=467165171
kk=387, num=771380432 den=66872952 t=852698071 kpart=-26706133 sum=871763593
kk=388, num=114483545 den=309450684 t=538896599 kpart=512190466 sum=-691929824
kk=389, num=430812226 den=36785218 t=648869154 kpart=-136678688 sum=997055881
kk=390, num=317604827 den=-471700521 t=-806320240 kpart=-942998928 sum=681354216
kk=391, num=434045167 den=377310205 t=257519138 kpart=-200518129 sum=73469060
kk=392, num=350483864 den=-215874195 t=-768096318 kpart=-968614447 sum=104644374
kk=393, num=33073355 den=-420396600 t=-868540338 kpart=-100074109 sum=852131452
kk=394, num=314840517 den=-148275109 t=-916821235 kpart=-16895407 sum=129967840
kk=395, num=552032940 den=55320819 t=279729568 kpart=-296624975 sum=479389115
kk=396, num=283191303 den=-310466342 t=-467670125 kpart=-764295100 sum=890088092
kk=397, num=534157375 den=-167028872 t=-437572667 kpart=-326722433 sum=117755343
kk=398, num=811296967 den=492042610 t=276904096 kpart=-49818337 sum=142762936
kk=399, num=740973440 den=201734430 t=980770569 kpart=-30588969 sum=467375955
kk=400, num=282675284 den=-474495634 t=-547786404 kpart=-578375373 sum=213310129
kk=401, num=103649137 den=178367830 t=812786046 kpart=-391161482 sum=788362439
kk=402, num=701906629 den=-158760269 t=-253321397 kpart=-644482879 sum=322615823
kk=403, num=596337064 den=76529126 t=184466955 kpart=-828949834 sum=461088075
kk=404, num=297496282 den=312070597 t=177930778 kpart=-651019056 sum=531674512
kk=405, num=465380296 den=-372068938 t=-407520117 kpart=-243498939 sum=957733668
kk=406, num=197546070 den=457211624 t=169700675 kpart=-73798264 sum=37275961
kk=407, num=798813026 den=-202807821 t=-395825303 kpart=322027039 sum=-801590365
kk=408, num=323453485 den=50973507 t=520538112 kpart=842565151 sum=-129644731
kk=409, num=45044557 den=139488924 t=183829339 kpart=658735812 sum=-727045891
kk=410, num=585309951 den=434486531 t=191256259 kpart=849992071 sum=-899426660
kk=411, num=870763070 den=-171692236 t=-933230341 kpart=783222475 sum=-435339336
kk=412, num=851928616 den=-87795364 t=-655845605 kpart=127376870 sum=-160274892
kk=413, num=339698343 den=188649394 t=587039212 kpart=-459662342 sum=940423778
kk=414, num=589877485 den=-472974247 t=-866931983 kpart=-326594388 sum=643819717
kk=415, num=101044971 den=-420416779 t=-918271598 kpart=591677210 sum=-300787219
kk=416, num=787277230 den=256200905 t=519065663 kpart=110742936 sum=-524659485
kk=417, num=662553813 den=-284757294 t=-805285668 kpart=916028604 sum=-575996774
kk=418, num=30158653 den=272046018 t=973779837 kpart=889808504 sum=-674683649
kk=419, num=858688035 den=-214147848 t=-383429658 kpart=273238225 sum=-958297076
kk=420, num=147953707 den=-229081290 t=-195127994 kpart=78110231 sum=-910067788
kk=421, num=410219965 den=-461351708 t=-431558879 kpart=509669110 sum=-969126490
kk=422, num=82314904 den=254830904 t=720505282 kpart=230174455 sum=-284679518
kk=423, num=684774555 den=151902664 t=697116875 kpart=-466942420 sum=824379293
kk=424, num=365127347 den=358261 t=896704597 kpart=429762177 sum=-384155112
kk=425, num=915435554 den=169412597 t=359712150 kpart=70050027 sum=-35167915
kk=426, num=320457623 den=16829606 t=874556563 kpart=944606590 sum=-459207665
kk=427, num=572161361 den=138212707 t=526652652 kpart=417953938 sum=-97039264
kk=428, num=688768332 den=161537870 t=284249928 kpart=702203866 sum=-707302387
kk=429, num=133838082 den=-242047682 t=-552323461 kpart=254527390 sum=-122140476
kk=430, num=343273535 den=-172655914 t=-671333157 kpart=-416805767 sum=908862372
kk=431, num=770635426 den=424193347 t=266312605 kpart=-683118372 sum=725663791
kk=432, num=766969056 den=-376332862 t=-93965986 kpart=-777084358 sum=971095330
kk=433, num=998161791 den=463334075 t=269719462 kpart=-46803883 sum=872341994
kk=434, num=48513 den=-286950825 t=-846250185 kpart=-893054068 sum=885525906
kk=435, num=26342559 den=-379969978 t=-194284768 kpart=-698769300 sum=324241195
kk=436, num=277667860 den=-335733855 t=-920418178 kpart=-619187541 sum=430241951
kk=437, num=218321710 den=-472164121 t=-791639002 kpart=172451461 sum=-380619354
kk=438, num=893730771 den=371068095 t=530855930 kpart=703307391 sum=-874077925
kk=439, num=720915872 den=91961425 t=70914265 kpart=632393126 sum=-347940859
kk=440, num=852763517 den=-56609175 t=-208745721 kpart=423647405 sum=-345808494
kk=441, num=934037420 den=190347813 t=358057893 kpart=65589512 sum=-314391444
kk=442, num=644088620 den=-336673400 t=-258101697 kpart=-192512185 sum=602261123
kk=443, num=587433372 den=-246809631 t=-914411718 kpart=721899533 sum=-200016827
kk=444, num=689440367 den=357552208 t=35369619 kpart=757269152 sum=-883763513
kk=445, num=471738732 den=-480095358 t=-690220163 kpart=447489378 sum=-309747804
kk=446, num=965021174 den=-180448633 t=-634971148 kpart=-187481770 sum=794789399
kk=447, num=426275650 den=28679084 t=943691885 kpart=-131173718 sum=945775314
kk=448, num=926108675 den=187564004 t=165528406 kpart=34354688 sum=-719453465
kk=449, num=911519882 den=56097021 t=183885361 kpart=-149530673 sum=222430840
kk=450, num=282527999 den=-406541981 t=-637574456 kpart=-787105129 sum=717286488
kk=451, num=892264797 den=254087474 t=691792064 kpart=-478897256 sum=613541610
kk=452, num=331312769 den=482862995 t=999740310 kpart=520843054 sum=-787852529
kk=453, num=939214624 den=188703880 t=867248722 kpart=-346405668 sum=107802976
kk=454, num=148493972 den=-153769365 t=-219298755 kpart=-565704423 sum=325152050
kk=455, num=662352207 den=-494843418 t=-680644476 kpart=114940053 sum=-164240387
kk=456, num=747873789 den=-277400955 t=-358106203 kpart=-243166150 sum=93353606
kk=457, num=642268576 den=-42182494 t=-60335540 kpart=-182830610 sum=9750813
kk=458, num=979680499 den=-410572425 t=-540118924 kpart=-722949534 sum=528251774
kk=459, num=454210985 den=5641454 t=539604020 kpart=-262553617 sum=928900952
kk=460, num=281305035 den=256533987 t=738075823 kpart=475522206 sum=-626612618
kk=461, num=434712230 den=451749503 t=222527588 kpart=252994618 sum=-676069087
kk=462, num=311524792 den=171973473 t=781004805 kpart=33999486 sum=-101351505
kk=463, num=435277960 den=-165935252 t=-533007526 kpart=567007012 sum=-433920757
kk=464, num=732885489 den=-302081738 t=-219754050 kpart=347252962 sum=-979307347
kk=465, num=970279482 den=-293122738 t=-306954464 kpart=654207426 sum=-216332474
kk=466, num=783126032 den=-120800685 t=-66868441 kpart=587338985 sum=-569643953
kk=467, num=177427552 den=-426382844 t=-991798172 kpart=579137220 sum=-146641459
kk=468, num=488057190 den=452080350 t=175604477 kpart=754741697 sum=-325554451
kk=469, num=421125334 den=-459590418 t=-476795952 kpart=231537712 sum=-500252268
kk=470, num=931683091 den=-35020403 t=-370664570 kpart=-139126858 sum=522612554
kk=471, num=363356873 den=278057264 t=327118984 kpart=-466245842 sum=943859879
kk=472, num=858589267 den=-84156653 t=-564571540 kpart=-30817445 sum=428709149
kk=473, num=587607114 den=369800914 t=519854839 kpart=-550672284 sum=636216821
kk=474, num=154004104 den=-425380140 t=-447242893 kpart=-997915177 sum=656082066
kk=475, num=464069163 den=93841299 t=825340602 kpart=-823255842 sum=961361586
kk=476, num=962734442 den=-325433086 t=-196804592 kpart=-20060497 sum=286465980
kk=477, num=329985808 den=-476573205 t=-30606092 kpart=10545595 sum=-872605813
kk=478, num=992914332 den=-350369378 t=-826993770 kpart=-816448175 sum=109686872
kk=479, num=464282853 den=-355637492 t=-821857813 kpart=5409638 sum=-587941645
kk=480, num=212875347 den=240925740 t=734822419 kpart=740232057 sum=-651652009
kk=481, num=799054074 den=-194925298 t=-305183421 kpart=45415541 sum=-199128019
kk=482, num=330845652 den=3744968 t=457736514 kpart=503152055 sum=-660646482
kk=483, num=768608009 den=20711686 t=742400758 kpart=-239248703 sum=73207827
kk=484, num=692380323 den=-392519166 t=-60442150 kpart=-299690853 sum=584521738
kk=485, num=343520722 den=479603023 t=113818587 kpart=-413509440 sum=392608814
kk=486, num=12205871 den=-235638662 t=-292183627 kpart=-705693067 sum=673310781
kk=487, num=993082976 den=-454282597 t=-795610155 kpart=89917088 sum=-309902041
kk=488, num=610688858 den=-269373513 t=-393133173 kpart=-303216085 sum=587176413
kk=489, num=626870336 den=91473668 t=606866764 kpart=-910082849 sum=690097896
kk=490, num=912743183 den=155288712 t=204389782 kpart=-705693067 sum=673310781
kk=491, num=505958093 den=157139071 t=707816310 kpart=-413509440 sum=392608814
kk=492, num=895648633 den=254384413 t=113818587 kpart=-299690853 sum=584521738
kk=493, num=389614347 den=483274583 t=939557787 kpart=-239248703 sum=73207827
kk=494, num=573355792 den=3002580 t=742400758 kpart=503152055 sum=-660646482
kk=495, num=930864924 den=90915151 t=457736514 kpart=45415541 sum=-199128019
kk=496, num=676921592 den=163489738 t=694816516 kpart=740232057 sum=-651652009
kk=497, num=599306227 den=463105584 t=734822419 kpart=5409638 sum=-587941645
kk=498, num=667007041 den=109363659 t=178142124 kpart=183551762 sum=-890313065
kk=499, num=496392736 den=-460702649 t=-826993770 kpart=10545595 sum=-872605813
kk=500, num=275742739 den=153078585 t=969393845 kpart=979939440 sum=-713533957
kk=501, num=529294756 den=114077994 t=803195345 kpart=176744095 sum=-38638351
kk=502, num=944319669 den=227247 t=825340602 kpart=2084760 sum=-343917871
kk=503, num=551870999 den=-262424979 t=-447242893 kpart=449327653 sum=-363783116
kk=504, num=586869969 den=-232663527 t=-480145098 kpart=-30817445 sum=428709149
kk=505, num=589512788 den=417361036 t=435428397 kpart=-466245842 sum=943859879
kk=506, num=250053450 den=-90084261 t=-672880953 kpart=-139126858 sum=522612554
kk=507, num=775182321 den=-242781216 t=-370664570 kpart=231537712 sum=-500252268
kk=508, num=335713802 den=117632313 t=523203985 kpart=754741697 sum=-325554451
kk=509, num=449783029 den=283138749 t=175604477 kpart=579137220 sum=-146641459
kk=510, num=498470802 den=124084578 t=8201765 kpart=587338985 sum=-569643953
kk=511, num=785879150 den=-447898045 t=-66868441 kpart=654207426 sum=-216332474
kk=512, num=219706958 den=493265793 t=693045473 kpart=347252962 sum=-979307347
kk=513, num=163741896 den=30201296 t=780245887 kpart=-432992925 sum=566079180
kk=514, num=976244469 den=-38851746 t=-533007526 kpart=-966000451 sum=898648432
kk=515, num=1217623 den=-266094841 t=-218995132 kpart=-747005319 sum=323930850
kk=516, num=562541826 den=396771109 t=222527588 kpart=-524477731 sum=373387319
kk=517, num=331798103 den=-39851504 t=-261924114 kpart=-262553617 sum=928900952
kk=518, num=627136956 den=-216293136 t=-460395917 kpart=-722949534 sum=528251774
kk=519, num=855880885 den=-104462986 t=-540118924 kpart=-182830610 sum=9750813
kk=520, num=993469963 den=-42508580 t=-60335540 kpart=-243166150 sum=93353606
kk=521, num=15801693 den=-493363709 t=-358106203 kpart=114940053 sum=-164240387
kk=522, num=205572449 den=66104663 t=319355461 kpart=434295514 sum=-674847887
kk=523, num=535470154 den=-15169971 t=-219298755 kpart=653594269 sum=-892196961
kk=524, num=103465225 den=-498120522 t=-132751215 kpart=520843054 sum=-787852529
kk=525, num=869749823 den=-275234498 t=-259627 kpart=521102681 sum=-386458327
kk=526, num=126944755 den=-221055565 t=-308207873 kpart=212894808 sum=-282713449
kk=527, num=252088096 den=331648830 t=362425481 kpart=-149530673 sum=222430840
kk=528, num=439650319 den=-328917311 t=-816114576 kpart=-965645249 sum=280546472
kk=529, num=403005642 den=-121604751 t=-834471531 kpart=-131173718 sum=945775314
kk=530, num=546538956 den=-220984146 t=-56308052 kpart=-187481770 sum=794789399
kk=531, num=302928704 den=-416166 t=-634971148 kpart=447489378 sum=-309747804
kk=532, num=106210489 den=206766122 t=309779774 kpart=757269152 sum=-883763513
kk=533, num=263670566 den=261175905 t=35369619 kpart=721899533 sum=-200016827
kk=534, num=69738675 den=-465803012 t=-914411718 kpart=-192512185 sum=602261123
kk=535, num=894234915 den=187914375 t=741898240 kpart=-934410425 sum=685608493
kk=536, num=251857315 den=-385843419 t=-641942044 kpart=-576352532 sum=654191443
kk=537, num=69082908 den=334476993 t=791254216 kpart=-367606811 sum=652059078
kk=538, num=396481410 den=-146218435 t=-929085672 kpart=-296692546 sum=125922012
kk=539, num=55349952 den=-245169221 t=-469144007 kpart=172451461 sum=-380619354
kk=540, num=243280488 den=208805229 t=208360935 kpart=380812396 sum=-569757986
kk=541, num=313579934 den=320164130 t=79581759 kpart=301230637 sum=-675758742
kk=542, num=720859792 den=-180221088 t=-194284768 kpart=106945869 sum=-114474031
kk=543, num=574029239 den=-387072206 t=-846250185 kpart=953196054 sum=-127657943
kk=544, num=128705413 den=-33799763 t=-730280475 kpart=222915579 sum=-28904607
kk=545, num=729447294 den=108194856 t=906033951 kpart=-683118372 sum=725663791
kk=546, num=121250853 den=-76724913 t=-733687332 kpart=-416805767 sum=908862372
kk=547, num=259120919 den=-488257236 t=-671333157 kpart=254527390 sum=-122140476
kk=548, num=422002163 den=86700255 t=447676476 kpart=702203866 sum=-707302387
kk=549, num=38939330 den=-174705453 t=-715750009 kpart=417953938 sum=-97039264
kk=550, num=666034248 den=488773232 t=526652652 kpart=944606590 sum=-459207665
kk=551, num=396641788 den=84371634 t=874556563 kpart=70050027 sum=-35167915
kk=552, num=969412272 den=445804993 t=359712150 kpart=429762177 sum=-384155112
kk=553, num=241556 den=-219808657 t=-103295340 kpart=533057517 sum=-175620644
kk=554, num=102419744 den=405740392 t=697116875 kpart=230174455 sum=-284679518
kk=555, num=323554421 den=242172490 t=720505282 kpart=-490330827 sum=30873447
kk=556, num=539974230 den=284608206 t=568441058 kpart=78110231 sum=-910067788
kk=557, num=329165131 den=442162644 t=804871943 kpart=-726761712 sum=41702861
kk=558, num=249363714 den=344878406 t=616570279 kpart=-110191433 sum=325316288
kk=559, num=483402718 den=392387951 t=973779837 kpart=-83971333 sum=424003163
kk=560, num=62348850 den=-254656434 t=-805285668 kpart=-889257001 sum=475340452
kk=561, num=999472025 den=282968509 t=519065663 kpart=-408322727 sum=699212718
kk=562, num=780388545 den=482709878 t=81728339 kpart=-326594388 sum=643819717
kk=563, num=861266524 den=-171433897 t=-866931983 kpart=540337595 sum=-59576159
kk=564, num=564363364 den=384447788 t=587039212 kpart=127376870 sum=-160274892
kk=565, num=82084011 den=241388388 t=344154332 kpart=-216777462 sum=564660601
kk=566, num=818614611 den=480991822 t=66769596 kpart=-150007866 sum=100573277
kk=567, num=450626289 den=-154354502 t=-808743678 kpart=658735812 sum=-727045891
kk=568, num=756790082 den=489164838 t=183829339 kpart=842565151 sum=-129644731
kk=569, num=527163005 den=-185432036 t=-479461825 kpart=322027039 sum=-801590365
kk=570, num=82519585 den=224236070 t=604174634 kpart=926201673 sum=-962723976
kk=571, num=585473174 den=226312133 t=169700675 kpart=756500998 sum=-42266269
kk=572, num=702123575 den=-127226719 t=-407520117 kpart=348980881 sum=-468325425
kk=573, num=360065767 den=299952465 t=177930778 kpart=171050103 sum=-538911862
kk=574, num=466579003 den=172996422 t=184466955 kpart=355517058 sum=-677384114
kk=575, num=31350053 den=-140568693 t=-253321397 kpart=608838455 sum=-211637498
kk=576, num=602722062 den=-130452368 t=-187213891 kpart=421624564 sum=-786689808
kk=577, num=691562045 den=-237661081 t=-547786404 kpart=969410968 sum=-532623982
kk=578, num=624835388 den=-150930200 t=-19229368 kpart=950181600 sum=-857237001
kk=579, num=309335499 den=-17531830 t=-723095841 kpart=673277504 sum=-882244594
kk=580, num=115536351 den=-362099170 t=-437572667 kpart=235704837 sum=-109911845
kk=581, num=867934182 den=85435280 t=532329812 kpart=-296624975 sum=479389115
kk=582, num=701957681 den=-137310240 t=-720270369 kpart=-16895407 sum=129967840
kk=583, num=273301446 den=66659841 t=83178702 kpart=-100074109 sum=852131452
kk=584, num=680776465 den=53196332 t=131459599 kpart=31385490 sum=-895355563
kk=585, num=545167566 den=-300763748 t=-768096318 kpart=799481808 sum=-926530877
kk=586, num=705699291 den=-464677042 t=-742480799 kpart=57001009 sum=-318645721
kk=587, num=928440106 den=299038010 t=193679697 kpart=-136678688 sum=997055881
kk=588, num=91664146 den=-288607060 t=-351130783 kpart=-487809471 sum=308070113
kk=589, num=657354999 den=35163653 t=538896599 kpart=-26706133 sum=871763593
kk=590, num=53755677 den=374635847 t=852698071 kpart=825991938 sum=-532834766
kk=591, num=803448259 den=-28130902 t=-659908293 kpart=485900294 sum=-201904839
kk=592, num=131047504 den=253330844 t=883911064 kpart=369811421 sum=-285923347
kk=593, num=453292190 den=-223856089 t=-220394959 kpart=590206380 sum=-157176091
kk=594, num=64211922 den=-291622635 t=-71770483 kpart=518435897 sum=-907073265
kk=595, num=593167638 den=41526682 t=427751071 kpart=90684826 sum=-5878976
kk=596, num=590051954 den=285304557 t=948659201 kpart=39344090 sum=-882147780
kk=597, num=809808586 den=95955278 t=891857864 kpart=-852513774 sum=214767453
kk=598, num=727282021 den=-417899714 t=-720892915 kpart=-573406752 sum=464219252
kk=599, num=639903284 den=121172113 t=922840623 kpart=-496247438 sum=798873258
kk=600, num=883456535 den=-81464708 t=-188610359 kpart=-684857797 sum=528041238
kk=601, num=63134674 den=166253792 t=620455685 kpart=-305313545 sum=335202112
kk=602, num=738638873 den=322535285 t=424071987 kpart=118758442 sum=-859968052
kk=603, num=989594763 den=-311239557 t=-49706456 kpart=168464898 sum=-375409476
kk=604, num=108464672 den=-177667604 t=-606937405 kpart=-438472507 sum=774880321
kk=605, num=457325176 den=275739375 t=146466658 kpart=-584939165 sum=822718134
kk=606, num=124976182 den=-311426153 t=-28901648 kpart=-613840813 sum=714144432
kk=607, num=366166420 den=-191616835 t=-903990902 kpart=290150089 sum=-181603706
kk=608, num=481583905 den=425671656 t=259084433 kpart=549234522 sum=-406230613
kk=609, num=704472096 den=444048694 t=895898403 kpart=-346663881 sum=577163962
kk=610, num=245747645 den=-68124506 t=-970998901 kpart=-317662845 sum=803575052
kk=611, num=189391385 den=374683897 t=660627423 kpart=-978290268 sum=626663647
kk=612, num=317251257 den=351919396 t=777434023 kpart=-200856245 sum=310895004
kk=613, num=796716050 den=-58153472 t=-424529441 kpart=223673196 sum=-540237794
kk=614, num=4660470 den=22706589 t=383503679 kpart=607176875 sum=-553572715
kk=615, num=691750673 den=-312158181 t=-393151448 kpart=328386 sum=-853018913
kk=616, num=413759376 den=137480254 t=691037565 kpart=691365951 sum=-501720996
kk=617, num=367144123 den=329234145 t=42892342 kpart=648473609 sum=-679708920
kk=618, num=171892596 den=160726906 t=859937234 kpart=508410906 sum=-876997489
kk=619, num=709445807 den=-240451153 t=-31151070 kpart=539561976 sum=-116372980
kk=620, num=981614845 den=368966991 t=498141769 kpart=37703808 sum=-578152937
kk=621, num=436521715 den=-395541091 t=-274015083 kpart=311718891 sum=-191912293
kk=622, num=401740305 den=-85844916 t=-909243312 kpart=-597524421 sum=561300396
kk=623, num=617817221 den=-398211604 t=-52618610 kpart=-544905811 sum=676243372
kk=624, num=707309968 den=-378843264 t=-818312431 kpart=-363218305 sum=72573833
kk=625, num=680434391 den=154593841 t=680217067 kpart=-43435435 sum=867926360
kk=626, num=512920689 den=145614358 t=539035785 kpart=495600350 sum=-441920374
kk=627, num=35173179 den=132608627 t=268264054 kpart=227336296 sum=-885690310
kk=628, num=310613406 den=-431317475 t=-417368724 kpart=-190032428 sum=17684613
kk=629, num=404085498 den=-304342298 t=-797554312 kpart=607521884 sum=-192614051
kk=630, num=621762124 den=497929584 t=254684241 kpart=862206125 sum=-38353839
kk=631, num=751470573 den=133911132 t=434826339 kpart=427379786 sum=-955197358
kk=632, num=8834638 den=449578945 t=481724531 kpart=909104317 sum=-45026723
kk=633, num=47950299 den=473064076 t=319423319 kpart=589680998 sum=-124029702
kk=634, num=494903864 den=136392837 t=305806966 kpart=895487964 sum=-667914484
kk=635, num=752035999 den=-276950545 t=-904107351 kpart=799595378 sum=-481217658
kk=636, num=196327849 den=-338485750 t=-401265279 kpart=398330099 sum=-845762161
kk=637, num=947800667 den=272624024 t=66198632 kpart=332131467 sum=-763643354
kk=638, num=252247066 den=-259760761 t=-952182485 kpart=-620051018 sum=10776039
kk=639, num=511760729 den=52801623 t=781236441 kpart=-401287522 sum=41248352
kk=640, num=975137238 den=-435854970 t=-390534454 kpart=-791821976 sum=528280130
kk=641, num=621269870 den=55482282 t=297020076 kpart=-88842115 sum=284708040
kk=642, num=746689424 den=86421 t=650776831 kpart=561934716 sum=-793422379
kk=643, num=140972790 den=477449560 t=797838600 kpart=-235903884 sum=17112116
kk=644, num=84914821 den=-434041200 t=-126586779 kpart=-362490663 sum=556369010
kk=645, num=276637157 den=-186719432 t=-79307592 kpart=-283183071 sum=77961975
kk=646, num=843541857 den=-52920615 t=-663049683 kpart=-946232754 sum=574604584
kk=647, num=212372244 den=112746638 t=24003926 kpart=-970236680 sum=527635941
kk=648, num=82844930 den=-169579084 t=-228516504 kpart=-198753247 sum=875629211
kk=649, num=255983671 den=-319213507 t=-502591547 kpart=303838300 sum=-214493668
kk=650, num=962649317 den=-137414166 t=-379769265 kpart=-75930965 sum=910983687
kk=651, num=786346441 den=234811945 t=887581269 kpart=-963512234 sum=470075699
kk=652, num=348955894 den=477353976 t=943790603 kpart=-19721631 sum=690529693
kk=653, num=410672669 den=-144751363 t=-329660063 kpart=309938432 sum=-54719192
kk=654, num=57953135 den=-117958328 t=-337629745 kpart=-27691313 sum=534670150
kk=655, num=718863739 den=-413920521 t=-120693755 kpart=93002442 sum=-804830177
kk=656, num=474138511 den=-182033404 t=-562291720 kpart=-469289278 sum=294741602
kk=657, num=198471607 den=-332088310 t=-703950722 kpart=234661444 sum=-247058308
kk=658, num=510918209 den=114996819 t=505677407 kpart=740338851 sum=-220651042
kk=659, num=982918877 den=-452025773 t=-163412580 kpart=903751431 sum=-78653962
kk=660, num=568222542 den=225072674 t=12173933 kpart=915925364 sum=-692525248
kk=661, num=126557154 den=295348049 t=875732376 kpart=40192988 sum=-507052930
kk=662, num=992063121 den=159056407 t=484488562 kpart=524681550 sum=-988335764
kk=663, num=499902771 den=93754227 t=822947017 kpart=-298265467 sum=683766849
kk=664, num=969479922 den=-124858796 t=-433124401 kpart=-731389868 sum=510513466
kk=665, num=447234675 den=275000195 t=584108315 kpart=-315498246 sum=175518468
kk=666, num=537227357 den=173085575 t=850212868 kpart=534714622 sum=-27907276
kk=667, num=77718548 den=-388046324 t=-757996626 kpart=292711311 sum=-907569274
kk=668, num=92751392 den=173071776 t=151229079 kpart=443940390 sum=-804732100
kk=669, num=660181892 den=-125301828 t=-91584765 kpart=535525155 sum=-780482010
kk=670, num=336035525 den=65484620 t=47450580 kpart=582975735 sum=-209540297
kk=671, num=162912664 den=448681767 t=555241886 kpart=27733849 sum=-414129132
kk=672, num=851278271 den=-485939431 t=-693595153 kpart=-665861304 sum=170103253
kk=673, num=639888972 den=-465803744 t=-679861079 kpart=13999775 sum=-751428470
kk=674, num=526259710 den=488923109 t=764572977 kpart=778572752 sum=-297206449
kk=675, num=456702147 den=-157794178 t=-416791638 kpart=195364453 sum=-465546114
kk=676, num=924057025 den=-275381335 t=-192116974 kpart=3247479 sum=-659571868
kk=677, num=141182039 den=-136300407 t=-589109583 kpart=592357062 sum=-772715501
kk=678, num=354614346 den=-137369166 t=-30579476 kpart=561777586 sum=-616457263
kk=679, num=29696132 den=241329338 t=328213140 kpart=233564446 sum=-26945100
kk=680, num=849447840 den=-402586255 t=-267930098 kpart=-34365652 sum=747062740
kk=681, num=286024356 den=-162118325 t=-425220596 kpart=390854944 sum=-885654254
kk=682, num=663214668 den=100935304 t=349171086 kpart=740026030 sum=-341249214
kk=683, num=648339345 den=-386382208 t=-436302349 kpart=176328442 sum=-110794612
kk=684, num=611779400 den=373704096 t=31764766 kpart=208093208 sum=-718621558
kk=685, num=251375477 den=-368797489 t=-554296203 kpart=762389411 sum=-157901438
kk=686, num=401643883 den=-98205238 t=-606201859 kpart=156187552 sum=-288703595
kk=687, num=878377261 den=-86023583 t=-977299432 kpart=133487047 sum=-735481689
kk=688, num=729421692 den=-117857585 t=-481710512 kpart=-348223465 sum=133072988
kk=689, num=802882218 den=-149663064 t=-347190612 kpart=-1032853 sum=291255391
kk=690, num=230093337 den=-69782116 t=-944914292 kpart=-945947145 sum=329579251
kk=691, num=36791877 den=128697847 t=655296024 kpart=-601243232 sum=750709545
kk=692, num=522477452 den=-443455611 t=-307204208 kpart=-908447440 sum=888797294
kk=693, num=906083144 den=-147826045 t=-57075328 kpart=-851372112 sum=524648672
kk=694, num=327629087 den=-321538634 t=-729408303 kpart=-580780478 sum=953205151
kk=695, num=719037417 den=376515748 t=957665317 kpart=-538445858 sum=823303733
kk=696, num=768564320 den=-453481989 t=-465428654 kpart=-3874575 sum=100074184
kk=697, num=966587465 den=28043783 t=826706605 kpart=-830581180 sum=946885488
kk=698, num=644507210 den=18664818 t=532203210 kpart=-298377970 sum=701746277
kk=699, num=817522867 den=227494499 t=766072491 kpart=-64450524 sum=155814758
kk=700, num=271371327 den=-38246434 t=-201474036 kpart=-265924560 sum=392627560
kk=701, num=169862304 den=229617323 t=980301919 kpart=-246226542 sum=29436213
kk=702, num=881998802 den=463290024 t=889691321 kpart=643464779 sum=-990163697
kk=703, num=549685796 den=-209867284 t=-327645600 kpart=971110379 sum=-87759781
kk=704, num=613917554 den=-62798103 t=-218430242 kpart=752680137 sum=-404888580
kk=705, num=599502763 den=416932175 t=643075903 kpart=109604234 sum=-716128039
kk=706, num=64761805 den=-496576552 t=-854225645 kpart=-744621411 sum=143159638
kk=707, num=550450226 den=-430688200 t=-961096353 kpart=216474942 sum=-355944963
kk=708, num=621570344 den=-333941629 t=-290248614 kpart=-73773672 sum=588628778
kk=709, num=202433057 den=102490908 t=128241343 kpart=-202015015 sum=485539430
kk=710, num=252062678 den=-89996486 t=-700889136 kpart=-902904151 sum=508400
kk=711, num=300739247 den=-499423311 t=-946747354 kpart=43843203 sum=-893298445
kk=712, num=996644679 den=143961475 t=78883686 kpart=122726889 sum=-258814446
kk=713, num=110856567 den=47887741 t=903091357 kpart=-780364468 sum=708733501
kk=714, num=266135515 den=-295451119 t=-666083805 kpart=-446448336 sum=317371237
kk=715, num=993644792 den=366020325 t=615132756 kpart=-61581155 sum=704683495
kk=716, num=334951884 den=-45578181 t=-557032378 kpart=-618613533 sum=406532930
kk=717, num=422447205 den=213325540 t=805599029 kpart=-424212625 sum=795399436
kk=718, num=836280167 den=-91624889 t=-301593629 kpart=-725806254 sum=679653903
kk=719, num=596576861 den=-112783894 t=-692785429 kpart=-33020825 sum=74616521
kk=720, num=916839777 den=-302934403 t=-989914732 kpart=-22935620 sum=808088217
kk=721, num=627837494 den=404572881 t=749780671 kpart=-772716291 sum=281732858
kk=722, num=726408544 den=337125426 t=274160459 kpart=-498555832 sum=429581852
kk=723, num=234190375 den=-310737013 t=-185462061 kpart=-313093771 sum=136772056
kk=724, num=484358967 den=-474186071 t=-984954864 kpart=-298048698 sum=211873837
kk=725, num=542826337 den=217276971 t=712836374 kpart=-10885135 sum=377390031
kk=726, num=792245492 den=326745540 t=404455591 kpart=393570456 sum=-564359336
kk=727, num=853630966 den=-6428135 t=-435325475 kpart=828895931 sum=-788046934
kk=728, num=407754919 den=-144239590 t=-42350788 kpart=786545143 sum=-156286118
kk=729, num=530981194 den=-393887821 t=-672901668 kpart=459446874 sum=-837093281
kk=730, num=683344365 den=332337119 t=856329228 kpart=315776165 sum=-211284845
kk=731, num=786068739 den=25078435 t=18486090 kpart=297290075 sum=-406325453
kk=732, num=372921953 den=39651744 t=743917410 kpart=41207548 sum=-947336358
kk=733, num=365884218 den=-488349694 t=-156535083 kpart=197742631 sum=-507298623
kk=734, num=275754799 den=124675265 t=806274387 kpart=4017081 sum=-699899720
kk=735, num=8420378 den=-455612658 t=-43639877 kpart=47656958 sum=-987243825
kk=736, num=37731602 den=-63119035 t=-457283736 kpart=-409626778 sum=800170842
kk=737, num=93316649 den=-215825114 t=-677347837 kpart=267721059 sum=-63827695
kk=738, num=395997146 den=270710247 t=958585995 kpart=226307117 sum=-937324033
kk=739, num=643323816 den=20664018 t=751152953 kpart=-524845836 sum=399300562
kk=740, num=111077847 den=-154026120 t=-869223710 kpart=-394069609 sum=739683414
kk=741, num=325451377 den=-226928496 t=-156553340 kpart=-237516269 sum=225957750
kk=742, num=806529760 den=371661798 t=626756577 kpart=389240308 sum=-187466396
kk=743, num=534505507 den=328898582 t=398772256 kpart=-9531948 sum=242082272
kk=744, num=74296513 den=-276439635 t=-229418381 kpart=-238950329 sum=526337100
kk=745, num=311088600 den=-228558965 t=-918730796 kpart=679780467 sum=-761221717
kk=746, num=172559736 den=148487177 t=676748539 kpart=356529069 sum=-312543911
kk=747, num=861301473 den=-14526790 t=-413214268 kpart=769743337 sum=-182215378
kk=748, num=99351264 den=376985903 t=332835156 kpart=102578556 sum=-438867186
kk=749, num=751440842 den=93961257 t=523657184 kpart=-421078628 sum=275115770
kk=750, num=328522749 den=-147874709 t=-968808145 kpart=-389886836 sum=810064904
kk=751, num=574668685 den=-262513798 t=-595099114 kpart=205212278 sum=-194506885
kk=752, num=875130937 den=-13646959 t=-769271771 kpart=-564059493 sum=626015987
kk=753, num=904473173 den=-189925150 t=-875280369 kpart=311220876 sum=-933901123
kk=754, num=602003478 den=-156750554 t=-631383004 kpart=-320162128 sum=468514511
kk=755, num=246784036 den=201116874 t=266995 kpart=-320429123 sum=29125524
kk=756, num=786059394 den=389154892 t=849284699 kpart=528855576 sum=-310101490
kk=757, num=719136973 den=-283501759 t=-651661874 kpart=180517513 sum=-224276958
kk=758, num=210144014 den=-294569245 t=-445073351 kpart=-264555838 sum=698043039
kk=759, num=21541964 den=-338991506 t=-278617993 kpart=14062155 sum=-303258732
kk=760, num=696148404 den=391659197 t=80606934 kpart=94669089 sum=-244990578
kk=761, num=64213181 den=-150602278 t=-945477331 kpart=40146483 sum=-210357453
kk=762, num=870047915 den=138909962 t=424904020 kpart=465050503 sum=-102064488
kk=763, num=60313506 den=-455912278 t=-646979815 kpart=112030381 sum=-874388147
kk=764, num=907091040 den=70083880 t=601500369 kpart=713530750 sum=-833449310
kk=765, num=210403679 den=-150235175 t=-526641030 kpart=240171843 sum=-880142082
kk=766, num=605582720 den=-304373656 t=-109200914 kpart=130970929 sum=-556514337
kk=767, num=777961921 den=459837815 t=443231531 kpart=-312260602 sum=350544982
kk=768, num=372013679 den=-404349144 t=-136616362 kpart=-448876964 sum=141583447
kk=769, num=750863762 den=-51241023 t=-722435353 kpart=273558389 sum=-454420464
kk=770, num=179672324 den=-1365248 t=-296450063 kpart=-22891674 sum=454629896
kk=771, num=192173399 den=395588347 t=37139859 kpart=-60031533 sum=537414020
kk=772, num=587722651 den=-355705174 t=-8224337 kpart=-68255870 sum=510142609
kk=773, num=483151015 den=-246255748 t=-91443706 kpart=23187836 sum=-650800863
kk=774, num=562813234 den=-95925389 t=-807047129 kpart=-783859293 sum=949757800
kk=775, num=251093684 den=-391091492 t=-693974895 kpart=-89884398 sum=816966287
kk=776, num=720927318 den=313928986 t=177599296 kpart=87714898 sum=-99497718
kk=777, num=906399990 den=-305902260 t=-872976186 kpart=960691084 sum=-588288837
kk=778, num=280009403 den=-54377763 t=-913361444 kpart=47329640 sum=-84743586
kk=779, num=721874662 den=-214447198 t=-325749580 kpart=373079220 sum=-592067702
kk=780, num=931192022 den=-495146696 t=-82690278 kpart=290388942 sum=-263285439
kk=781, num=444839863 den=421901194 t=162240725 kpart=128148217 sum=-301403375
kk=782, num=188618629 den=371383482 t=621226539 kpart=749374756 sum=-240698627
kk=783, num=780634923 den=456412977 t=602987424 kpart=146387332 sum=-48920129
kk=784, num=443184575 den=285020917 t=924718778 kpart=71106173 sum=-234130616
kk=785, num=534628330 den=-13649654 t=-182839816 kpart=253945989 sum=-791142522
kk=786, num=648645786 den=-325717091 t=-815655479 kpart=-561709490 sum=718967170
kk=787, num=891352875 den=-199905600 t=-514345846 kpart=-47363644 sum=325789343
kk=788, num=357056897 den=45431589 t=216084102 kpart=168720458 sum=-3266738
kk=789, num=483757754 den=463935879 t=964309062 kpart=-795588604 sum=934872117
kk=790, num=946463422 den=-425994991 t=-337607428 kpart=-133196095 sum=496428960
kk=791, num=988671002 den=421711737 t=841804507 kpart=-975000602 sum=507792898
kk=792, num=892817901 den=322502141 t=735575267 kpart=-239425335 sum=399063495
kk=793, num=171322080 den=-32380197 t=-50338669 kpart=-189086666 sum=970456827
kk=794, num=523264673 den=74266519 t=227629311 kpart=38542645 sum=-847095174
kk=795, num=757441144 den=-348334234 t=-317413607 kpart=355956252 sum=-138149260
kk=796, num=854296839 den=117652839 t=789234523 kpart=145190838 sum=-255018806
kk=797, num=627737561 den=372795024 t=861796003 kpart=-716605165 sum=646051889
kk=798, num=992768036 den=-473217019 t=-151474564 kpart=-868079729 sum=21750255
kk=799, num=705489595 den=-290955197 t=-26425466 kpart=-841654263 sum=339334715
kk=800, num=577155785 den=475886276 t=499120302 kpart=-342533961 sum=818672138
kk=801, num=156580371 den=-177932715 t=-282965901 kpart=-59568060 sum=150953417
kk=802, num=558146997 den=-315683188 t=-486037378 kpart=-545605438 sum=267560021
kk=803, num=675730586 den=-222061858 t=-887990662 kpart=342385224 sum=-760342974
kk=804, num=577129335 den=-435599552 t=-610087505 kpart=-267702281 sum=514352384
kk=805, num=843381192 den=360949543 t=5533981 kpart=-273236262 sum=646622797
kk=806, num=61574159 den=396229441 t=137657367 kpart=-135578895 sum=174227650
kk=807, num=529181819 den=203712787 t=969689420 kpart=-105268378 sum=304066025
kk=808, num=960914837 den=-310391425 t=-350436597 kpart=-455704975 sum=571302982
kk=809, num=394617659 den=210988378 t=47931037 kpart=-503636012 sum=558740500
kk=810, num=295770870 den=143470347 t=24756066 kpart=-478879946 sum=539123831
kk=811, num=393738377 den=329400066 t=541472547 kpart=-20352556 sum=614679910
kk=812, num=360574677 den=-238510576 t=-320339329 kpart=-340691885 sum=867706606
kk=813, num=494825422 den=159608218 t=802145100 kpart=-142837048 sum=244398641
kk=814, num=151374311 den=-324128225 t=-826103382 kpart=-968940430 sum=568996302
kk=815, num=674014205 den=165246458 t=34779311 kpart=-3719804 sum=104076795
kk=816, num=190308077 den=-266954338 t=-912212873 kpart=-915932677 sum=894906359
kk=817, num=639602287 den=-360179848 t=-25540123 kpart=-890392554 sum=191939980
kk=818, num=336372346 den=53349410 t=329967681 kpart=-560424873 sum=627728006
kk=819, num=483206353 den=19601158 t=668455226 kpart=-228880162 sum=154846106
kk=820, num=346608562 den=-163390720 t=-71200078 kpart=-300080240 sum=343523344
kk=821, num=417547636 den=372517162 t=161780242 kpart=-461860482 sum=214872526
kk=822, num=137435311 den=243762171 t=892016634 kpart=430156152 sum=-709617040
kk=823, num=302474528 den=384257281 t=23405329 kpart=406750823 sum=-987507798
kk=824, num=581080210 den=18670214 t=555345136 kpart=962095959 sum=-804503951
kk=825, num=905277674 den=-147856148 t=-180645066 kpart=142741088 sum=-907533751
kk=826, num=602215079 den=-448120863 t=-914598068 kpart=-771856980 sum=639270668
kk=827, num=934482599 den=122795493 t=673392561 kpart=-445249604 sum=413675178
kk=828, num=172398670 den=-300576315 t=-204095530 kpart=-649345134 sum=613964206
kk=829, num=687403405 den=-479252776 t=-832822910 kpart=183477776 sum=-643988751
kk=830, num=735710303 den=382555093 t=116556862 kpart=300034638 sum=-718474229
kk=831, num=149421345 den=-322042633 t=-401764283 kpart=701798921 sum=-871363069
kk=832, num=815517693 den=471968669 t=359786529 kpart=61585513 sum=-94534065
kk=833, num=250072919 den=391923107 t=565629076 kpart=-504043563 sum=787050258
kk=834, num=10502604 den=-163798643 t=-391546028 kpart=-895589591 sum=73683216
kk=835, num=501872435 den=-181034478 t=-16755790 kpart=-878833801 sum=42559258
kk=836, num=265890243 den=485429354 t=25862053 kpart=-852971748 sum=52630552
kk=837, num=490526594 den=-116504856 t=-798510643 kpart=-54461105 sum=222976954
kk=838, num=673727444 den=-119470762 t=-185908696 kpart=-240369801 sum=146785434
kk=839, num=648120575 den=-293348576 t=-730442517 kpart=490072716 sum=-770269786
kk=840, num=440644957 den=437745986 t=329998701 kpart=820071417 sum=-762467848
kk=841, num=368362889 den=-52987219 t=-300582829 kpart=120654309 sum=-137103875
kk=842, num=97356054 den=393048684 t=314870209 kpart=435524518 sum=-475642459
kk=843, num=143068109 den=431071205 t=29071743 kpart=406452775 sum=-343136285
kk=844, num=171127803 den=-313470275 t=-846095191 kpart=-439642416 sum=394119796
kk=845, num=759999185 den=-337649056 t=-542639809 kpart=102997393 sum=-942039960
kk=846, num=319898720 den=18513416 t=454339854 kpart=557337247 sum=-953419275
kk=847, num=906734903 den=377825848 t=220210759 kpart=337126488 sum=-132296906
kk=848, num=875544761 den=-46724259 t=-756335565 kpart=-419209077 sum=857389453
kk=849, num=945281225 den=183690537 t=775539063 kpart=-194748203 sum=222914171
kk=850, num=996004360 den=-960364 t=-791448178 kpart=-986196381 sum=897282177
kk=851, num=492561658 den=71679243 t=571181 kpart=-986767562 sum=76313084
kk=852, num=62772814 den=-369634156 t=-584422535 kpart=-571190160 sum=542794407
kk=853, num=846602191 den=479050809 t=50348389 kpart=-621538549 sum=217694581
kk=854, num=978678236 den=-148150985 t=-795968099 kpart=-417506711 sum=489723113
kk=855, num=377430588 den=268832555 t=699527345 kpart=-117034119 sum=436554097
kk=856, num=46534634 den=379986930 t=826334459 kpart=709300340 sum=-172690467
kk=857, num=630691029 den=-365950984 t=-203049607 kpart=912349947 sum=-567417867
kk=858, num=682928205 den=-338421833 t=-503922992 kpart=408426955 sum=-428295159
kk=859, num=268461498 den=-195970211 t=-722894995 kpart=131322013 sum=-99489130
kk=860, num=678458717 den=73027937 t=563602738 kpart=694924751 sum=-323674132
kk=861, num=379674866 den=231211400 t=843137606 kpart=-148212855 sum=180657598
kk=862, num=42287228 den=-171425498 t=-575633411 kpart=-723846266 sum=405132660
kk=863, num=863031472 den=348584653 t=148090551 kpart=-871936817 sum=802798181
kk=864, num=385593982 den=-125753945 t=-459626911 kpart=-331563791 sum=993383965
kk=865, num=572122675 den=28756352 t=65967806 kpart=-397531597 sum=657503992
kk=866, num=77743632 den=242527417 t=445021213 kpart=47489616 sum=-968802419
kk=867, num=629543656 den=-205025907 t=-199080313 kpart=246569929 sum=-466472551
kk=868, num=249806507 den=182943507 t=341130352 kpart=587700281 sum=-954094973
kk=869, num=228910964 den=-81492580 t=-221883518 kpart=809583799 sum=-430331085
kk=870, num=722385624 den=356228147 t=469007532 kpart=278591394 sum=-33281114
kk=871, num=295266619 den=-419797645 t=-112303312 kpart=390894706 sum=-852436458
kk=872, num=298263567 den=-159885079 t=-976954241 kpart=-586059535 sum=641635090
kk=873, num=317676488 den=203711459 t=937479664 kpart=-523539262 sum=252313783
kk=874, num=38356831 den=-280087269 t=-719109919 kpart=-242649244 sum=525184954
kk=875, num=950753782 den=-472320070 t=-157792363 kpart=-84856881 sum=234778421
kk=876, num=976891812 den=449232483 t=974777539 kpart=889920658 sum=-272502976
kk=877, num=666079186 den=-374630270 t=-13167003 kpart=903087661 sum=-520809204
kk=878, num=607922758 den=270643912 t=784377285 kpart=687465009 sum=-437858612
kk=879, num=184356822 den=77668532 t=631004916 kpart=56460093 sum=-140033954
kk=880, num=66969690 den=-222638999 t=-684274405 kpart=-627814312 sum=158617370
kk=881, num=496060308 den=436750666 t=544410157 kpart=-172224532 sum=585440067
kk=882, num=621792529 den=-282951512 t=-314894109 kpart=-487118641 sum=15173684
kk=883, num=70293972 den=-355926310 t=-645430245 kpart=158311604 sum=-108070578
kk=884, num=607633746 den=454348471 t=815983606 kpart=974295210 sum=-294060429
kk=885, num=509941906 den=-353158906 t=-992218604 kpart=966513877 sum=-403329284
kk=886, num=914658250 den=-458637848 t=-863751771 kpart=102762106 sum=-511621901
kk=887, num=233905979 den=-87326531 t=-13079386 kpart=115841492 sum=-851131881
kk=888, num=51539433 den=-230954182 t=-339163430 kpart=-223321938 sum=994088611
kk=889, num=587009789 den=66106909 t=148272716 kpart=-371594654 sum=335793226
kk=890, num=656864645 den=205692242 t=32638200 kpart=-338956454 sum=827849372
kk=891, num=147227706 den=156235335 t=417328283 kpart=-756284737 sum=786537492
kk=892, num=661583472 den=333134772 t=988666120 kpart=232381383 sum=-133246282
kk=893, num=234598648 den=33967674 t=898137262 kpart=-665755879 sum=108838390
kk=894, num=706287629 den=40306449 t=91100145 kpart=-574655734 sum=388105583
kk=895, num=621876861 den=204514296 t=438615964 kpart=-13271761 sum=297402596
kk=896, num=993905752 den=437728225 t=49069764 kpart=35798003 sum=-843849960
kk=897, num=506370952 den=-375208752 t=-918645816 kpart=954443819 sum=-443134865
kk=898, num=509678680 den=373746960 t=227737547 kpart=182181429 sum=-545648455
kk=899, num=264618240 den=-479005813 t=-171311149 kpart=353492578 sum=-881467595
kk=900, num=640223980 den=-279421100 t=-8180300 kpart=345312278 sum=-919029932
kk=901, num=297249547 den=451410159 t=727380772 kpart=-382068494 sum=175190088
kk=902, num=590966958 den=243294231 t=651087478 kpart=269018984 sum=-156473668
kk=903, num=322524622 den=83325902 t=738462372 kpart=-469443388 sum=761438548
kk=904, num=866823477 den=480180640 t=175493594 kpart=-293949794 sum=226122754
kk=905, num=278117790 den=392795755 t=184321572 kpart=-478271366 sum=229523920
kk=906, num=24482140 den=489395991 t=921932783 kpart=443661417 sum=-611805921
kk=907, num=738232003 den=203406157 t=164781943 kpart=278879474 sum=-806145024
kk=908, num=676243423 den=60796699 t=429002987 kpart=707882461 sum=-753718003
kk=909, num=660799085 den=378504703 t=167878106 kpart=540004355 sum=-566278482
kk=910, num=934340552 den=-119364273 t=-750092577 kpart=-210088222 sum=149385332
kk=911, num=600820890 den=141471600 t=976667111 kpart=-186755396 sum=991372679
kk=912, num=654181197 den=52786698 t=458837727 kpart=272082331 sum=-905086816
kk=913, num=521780451 den=-28419728 t=-427355445 kpart=699437776 sum=-278285240
kk=914, num=393950943 den=345701926 t=324561522 kpart=23999361 sum=-904231922
kk=915, num=818910921 den=-456452756 t=-357980986 kpart=381980347 sum=-946379850
kk=916, num=772480252 den=375047517 t=696293818 kpart=78274228 sum=-729553257
kk=917, num=121298333 den=-253680412 t=-28927015 kpart=107201243 sum=-773420673
kk=918, num=277900421 den=180551535 t=749743285 kpart=856944528 sum=-496043735
kk=919, num=396125847 den=80718767 t=961082482 kpart=-104137954 sum=25865655
kk=920, num=975300512 den=53348604 t=73633460 kpart=-30504494 sum=753832189
kk=921, num=592132649 den=-293101666 t=-848863022 kpart=818358528 sum=-857996260
kk=922, num=159430423 den=38727653 t=488572277 kpart=306930868 sum=-944479553
kk=923, num=768673769 den=-439828003 t=-77062317 kpart=383993185 sum=-150593816
kk=924, num=508386109 den=409697130 t=911080716 kpart=295073964 sum=-528158546
kk=925, num=944465415 den=-150908426 t=-168338064 kpart=463412028 sum=-555173753
kk=926, num=112204667 den=362687981 t=696810345 kpart=160222436 sum=-72015262
kk=927, num=722438332 den=-14711231 t=-854867983 kpart=15090482 sum=-684357278
kk=928, num=121918868 den=-173507221 t=-306835543 kpart=-291745061 sum=693462789
kk=929, num=974024847 den=167735719 t=328272377 kpart=-620017438 sum=225741411
kk=930, num=753195554 den=476524417 t=868555940 kpart=248538502 sum=-311408418
kk=931, num=400193243 den=-362538619 t=-790738799 kpart=39277364 sum=-906203178
kk=932, num=408890312 den=80083108 t=78997863 kpart=118275227 sum=-9893620
kk=933, num=400065174 den=-36355750 t=-365964710 kpart=484239937 sum=-635117517
kk=934, num=602868727 den=402530643 t=612309974 kpart=96549974 sum=-800524516
kk=935, num=923356836 den=-57323493 t=-459540794 kpart=556090768 sum=-799334675
kk=936, num=780989506 den=48015677 t=222969308 kpart=779060076 sum=-498106033
kk=937, num=20571762 den=349037348 t=704526895 kpart=74533181 sum=-31030689
kk=938, num=822870480 den=-310928512 t=-33922090 kpart=40611091 sum=-272697001
kk=939, num=91950736 den=-373068058 t=-672335380 kpart=712946471 sum=-553394548
kk=940, num=494128157 den=163432896 t=781331072 kpart=494277606 sum=-965451429
kk=941, num=282742943 den=-370708337 t=-801371627 kpart=295649296 sum=-438091095
kk=942, num=178746578 den=495360151 t=447081309 kpart=742730605 sum=-165251381
kk=943, num=256130608 den=221097929 t=549997682 kpart=192732923 sum=-491390693
kk=944, num=708441176 den=126293528 t=134216011 kpart=326948934 sum=-801678028
kk=945, num=378560257 den=493255306 t=169766263 kpart=157182671 sum=-822588627
kk=946, num=113928980 den=-124214310 t=-531255230 kpart=-374072559 sum=541754986
kk=947, num=531798569 den=-399286368 t=-501023108 kpart=126950549 sum=-692980580
kk=948, num=953958015 den=37553493 t=895537186 kpart=22487798 sum=-983020573
kk=949, num=664784136 den=421535857 t=143277736 kpart=-120789938 sum=956295596
kk=950, num=613956942 den=462548956 t=442117632 kpart=321327694 sum=-905073609
kk=951, num=576838442 den=-95202361 t=-53693817 kpart=375021511 sum=-647179859
kk=952, num=997800374 den=211034438 t=429205814 kpart=804227325 sum=-708845021
kk=953, num=945010862 den=-339757550 t=-424207585 kpart=228434973 sum=-895055262
kk=954, num=680262074 den=-142913783 t=-551552358 kpart=-323117385 sum=348622905
kk=955, num=646028647 den=14510037 t=161585639 kpart=-484703024 sum=290398197
kk=956, num=212631116 den=-239524556 t=-860298184 kpart=-345001271 sum=693411711
kk=957, num=465253688 den=-393144724 t=-282200884 kpart=-62800387 sum=740994483
kk=958, num=305074327 den=-194564857 t=-546601237 kpart=-609401624 sum=934155582
kk=959, num=796412528 den=367888856 t=288440624 kpart=-897842248 sum=101340138
kk=960, num=335426386 den=242049869 t=905408205 kpart=7565957 sum=-858044511
kk=961, num=702248877 den=-368114389 t=-568790869 kpart=576356826 sum=-560115768
kk=962, num=235982725 den=-331983466 t=-897193971 kpart=-320837145 sum=162579758
kk=963, num=539741064 den=-329524365 t=-584068406 kpart=263231261 sum=-705374947
kk=964, num=556375337 den=237210022 t=244629696 kpart=507860957 sum=-740487635
kk=965, num=232879822 den=-202862982 t=-114839178 kpart=622700135 sum=-685092338
kk=966, num=794557990 den=-304557810 t=-597699828 kpart=25000307 sum=-716836377
kk=967, num=740138394 den=117575424 t=975620726 kpart=-950620419 sum=138747007
kk=968, num=401384381 den=165410708 t=824128262 kpart=-126492157 sum=881974404
kk=969, num=612459618 den=-429137836 t=-664172141 kpart=537679984 sum=-471677778
kk=970, num=899677196 den=-198380542 t=-11663275 kpart=526016709 sum=-932678555
kk=971, num=297740750 den=-286507068 t=-680825542 kpart=206842314 sum=-587439642
kk=972, num=786444563 den=-86714508 t=-646177895 kpart=-439335581 sum=589441525
kk=973, num=932223004 den=29715605 t=303976456 kpart=-743312037 sum=324401042
kk=974, num=728892205 den=-113932523 t=-142488794 kpart=-885800831 sum=111937156
kk=975, num=186676741 den=29626734 t=498023080 kpart=-383823974 sum=718744699
kk=976, num=373353482 den=100440185 t=164954955 kpart=-218869019 sum=584304528
kk=977, num=373353482 den=-472773317 t=-218869019 kpart=0 sum=0
kk=978, num=0 den=-13775841 t=0 kpart=0 sum=0
kk=979, num=0 den=-291127434 t=0 kpart=0 sum=0
kk=980, num=0 den=389498825 t=0 kpart=0 sum=0
kk=981, num=0 den=-469531572 t=0 kpart=0 sum=0
kk=982, num=0 den=-228584030 t=0 kpart=0 sum=0
kk=983, num=0 den=428048209 t=0 kpart=0 sum=0
kk=984, num=0 den=316491899 t=0 kpart=0 sum=0
kk=985, num=0 den=-438257341 t=0 kpart=0 sum=0
kk=986, num=0 den=497527091 t=0 kpart=0 sum=0
kk=987, num=0 den=-44075451 t=0 kpart=0 sum=0
kk=988, num=0 den=-430206527 t=0 kpart=0 sum=0
kk=989, num=0 den=438392079 t=0 kpart=0 sum=0
kk=990, num=0 den=-390466246 t=0 kpart=0 sum=0
kk=991, num=0 den=441583760 t=0 kpart=0 sum=0
kk=992, num=0 den=339154801 t=0 kpart=0 sum=0
kk=993, num=0 den=398126012 t=0 kpart=0 sum=0
kk=994, num=0 den=-432195017 t=0 kpart=0 sum=0
kk=995, num=0 den=126198791 t=0 kpart=0 sum=0
kk=996, num=0 den=386672866 t=0 kpart=0 sum=0
kk=997, num=0 den=-44747567 t=0 kpart=0 sum=0
kk=998, num=0 den=-331708143 t=0 kpart=0 sum=0
kk=999, num=0 den=-438770451 t=0 kpart=0 sum=0
jpart=0 kpart=0  kpart2=345312278 jt=1 -919029932
