('final', 'row=', 0, [2, -1, 0, 0, 0, -1, 0, 0, 0, 0, 0, 0, 0, 0, 0, 0, 0, 0, 0, 0, 0, 0, 0, 0, 0])
('final', 'row=', 1, [-1, 3, -1, 0, 0, 0, -1, 0, 0, 0, 0, 0, 0, 0, 0, 0, 0, 0, 0, 0, 0, 0, 0, 0, 0])
('final', 'row=', 2, [0, -1, 3, -1, 0, 0, 0, -1, 0, 0, 0, 0, 0, 0, 0, 0, 0, 0, 0, 0, 0, 0, 0, 0, 0])
('final', 'row=', 3, [0, 0, -1, 3, -1, 0, 0, 0, -1, 0, 0, 0, 0, 0, 0, 0, 0, 0, 0, 0, 0, 0, 0, 0, 0])
('final', 'row=', 4, [0, 0, 0, -1, 2, 0, 0, 0, 0, -1, 0, 0, 0, 0, 0, 0, 0, 0, 0, 0, 0, 0, 0, 0, 0])
('final', 'row=', 5, [-1, 0, 0, 0, 0, 3, -1, 0, 0, 0, -1, 0, 0, 0, 0, 0, 0, 0, 0, 0, 0, 0, 0, 0, 0])
('final', 'row=', 6, [0, -1, 0, 0, 0, -1, 4, -1, 0, 0, 0, -1, 0, 0, 0, 0, 0, 0, 0, 0, 0, 0, 0, 0, 0])
('final', 'row=', 7, [0, 0, -1, 0, 0, 0, -1, 4, -1, 0, 0, 0, -1, 0, 0, 0, 0, 0, 0, 0, 0, 0, 0, 0, 0])
('final', 'row=', 8, [0, 0, 0, -1, 0, 0, 0, -1, 4, -1, 0, 0, 0, -1, 0, 0, 0, 0, 0, 0, 0, 0, 0, 0, 0])
('final', 'row=', 9, [0, 0, 0, 0, -1, 0, 0, 0, -1, 3, 0, 0, 0, 0, -1, 0, 0, 0, 0, 0, 0, 0, 0, 0, 0])
('final', 'row=', 10, [0, 0, 0, 0, 0, -1, 0, 0, 0, 0, 3, -1, 0, 0, 0, -1, 0, 0, 0, 0, 0, 0, 0, 0, 0])
('final', 'row=', 11, [0, 0, 0, 0, 0, 0, -1, 0, 0, 0, -1, 4, -1, 0, 0, 0, -1, 0, 0, 0, 0, 0, 0, 0, 0])
('final', 'row=', 12, [0, 0, 0, 0, 0, 0, 0, -1, 0, 0, 0, -1, 4, -1, 0, 0, 0, -1, 0, 0, 0, 0, 0, 0, 0])
('final', 'row=', 13, [0, 0, 0, 0, 0, 0, 0, 0, -1, 0, 0, 0, -1, 4, -1, 0, 0, 0, -1, 0, 0, 0, 0, 0, 0])
('final', 'row=', 14, [0, 0, 0, 0, 0, 0, 0, 0, 0, -1, 0, 0, 0, -1, 3, 0, 0, 0, 0, -1, 0, 0, 0, 0, 0])
('final', 'row=', 15, [0, 0, 0, 0, 0, 0, 0, 0, 0, 0, -1, 0, 0, 0, 0, 3, -1, 0, 0, 0, -1, 0, 0, 0, 0])
('final', 'row=', 16, [0, 0, 0, 0, 0, 0, 0, 0, 0, 0, 0, -1, 0, 0, 0, -1, 4, -1, 0, 0, 0, -1, 0, 0, 0])
('final', 'row=', 17, [0, 0, 0, 0, 0, 0, 0, 0, 0, 0, 0, 0, -1, 0, 0, 0, -1, 4, -1, 0, 0, 0, -1, 0, 0])
('final', 'row=', 18, [0, 0, 0, 0, 0, 0, 0, 0, 0, 0, 0, 0, 0, -1, 0, 0, 0, -1, 4, -1, 0, 0, 0, -1, 0])
('final', 'row=', 19, [0, 0, 0, 0, 0, 0, 0, 0, 0, 0, 0, 0, 0, 0, -1, 0, 0, 0, -1, 3, 0, 0, 0, 0, -1])
('final', 'row=', 20, [0, 0, 0, 0, 0, 0, 0, 0, 0, 0, 0, 0, 0, 0, 0, -1, 0, 0, 0, 0, 2, -1, 0, 0, 0])
('final', 'row=', 21, [0, 0, 0, 0, 0, 0, 0, 0, 0, 0, 0, 0, 0, 0, 0, 0, -1, 0, 0, 0, -1, 3, -1, 0, 0])
('final', 'row=', 22, [0, 0, 0, 0, 0, 0, 0, 0, 0, 0, 0, 0, 0, 0, 0, 0, 0, -1, 0, 0, 0, -1, 3, -1, 0])
('final', 'row=', 23, [0, 0, 0, 0, 0, 0, 0, 0, 0, 0, 0, 0, 0, 0, 0, 0, 0, 0, -1, 0, 0, 0, -1, 3, -1])
('final', 'row=', 24, [1, 1, 1, 1, 1, 1, 1, 1, 1, 1, 1, 1, 1, 1, 1, 1, 1, 1, 1, 1, 1, 1, 1, 1, 1])
('rhs is', [0, 0, 0, 0, 0, 0, 0, 0, 0, 0, 0, 0, 0, 0, 0, 0, 0, 0, 0, 0, 0, 0, 0, 0, 1])
[ 0.04  0.04  0.04  0.04  0.04  0.04  0.04  0.04  0.04  0.04  0.04  0.04
  0.04  0.04  0.04  0.04  0.04  0.04  0.04  0.04  0.04  0.04  0.04  0.04
  0.04]
