1 1
2 3
3 5
4 7
5 9
6 13
7 17
8 23
9 29
10 37
11 45
12 51
13 57
14 65
15 73
16 79
17 85
18 93
19 101
20 107
21 113
22 121
23 129
24 143
25 157
26 173
27 189
28 203
29 217
30 233
31 249
32 271
33 293
34 317
35 341
36 363
37 385
38 409
39 433
40 463
41 493
42 525
43 557
44 587
45 617
46 649
47 681
48 703
49 725
50 749
51 773
52 795
53 817
54 841
55 865
56 895
57 925
58 957
59 989
60 1019
61 1049
62 1081
63 1113
64 1135
65 1157
66 1181
67 1205
68 1227
69 1249
70 1273
71 1297
72 1327
73 1357
74 1389
75 1421
76 1451
77 1481
78 1513
79 1545
80 1567
81 1589
82 1613
83 1637
84 1659
85 1681
86 1705
87 1729
88 1759
89 1789
90 1821
91 1853
92 1883
93 1913
94 1945
95 1977
96 2031
97 2085
98 2141
99 2197
100 2251
101 2305
102 2361
103 2417
104 2479
105 2541
106 2605
107 2669
108 2731
109 2793
110 2857
111 2921
112 2975
113 3029
114 3085
115 3141
116 3195
117 3249
118 3305
119 3361
120 3423
121 3485
122 3549
123 3613
124 3675
125 3737
126 3801
127 3865
128 3951
129 4037
130 4125
131 4213
132 4299
133 4385
134 4473
135 4561
136 4655
137 4749
138 4845
139 4941
140 5035
141 5129
142 5225
143 5321
144 5407
145 5493
146 5581
147 5669
148 5755
149 5841
150 5929
151 6017
152 6111
153 6205
154 6301
155 6397
156 6491
157 6585
158 6681
159 6777
160 6895
161 7013
162 7133
163 7253
164 7371
165 7489
166 7609
167 7729
168 7855
169 7981
170 8109
171 8237
172 8363
173 8489
174 8617
175 8745
176 8863
177 8981
178 9101
179 9221
180 9339
181 9457
182 9577
183 9697
184 9823
185 9949
186 10077
187 10205
188 10331
189 10457
190 10585
191 10713
192 10799
193 10885
194 10973
195 11061
196 11147
197 11233
198 11321
199 11409
200 11503
201 11597
202 11693
203 11789
204 11883
205 11977
206 12073
207 12169
208 12255
209 12341
210 12429
211 12517
212 12603
213 12689
214 12777
215 12865
216 12959
217 13053
218 13149
219 13245
220 13339
221 13433
222 13529
223 13625
224 13743
225 13861
226 13981
227 14101
228 14219
229 14337
230 14457
231 14577
232 14703
233 14829
234 14957
235 15085
236 15211
237 15337
238 15465
239 15593
240 15711
241 15829
242 15949
243 16069
244 16187
245 16305
246 16425
247 16545
248 16671
249 16797
250 16925
251 17053
252 17179
253 17305
254 17433
255 17561
256 17647
257 17733
258 17821
259 17909
260 17995
261 18081
262 18169
263 18257
264 18351
265 18445
266 18541
267 18637
268 18731
269 18825
270 18921
271 19017
272 19103
273 19189
274 19277
275 19365
276 19451
277 19537
278 19625
279 19713
280 19807
281 19901
282 19997
283 20093
284 20187
285 20281
286 20377
287 20473
288 20591
289 20709
290 20829
291 20949
292 21067
293 21185
294 21305
295 21425
296 21551
297 21677
298 21805
299 21933
300 22059
301 22185
302 22313
303 22441
304 22559
305 22677
306 22797
307 22917
308 23035
309 23153
310 23273
311 23393
312 23519
313 23645
314 23773
315 23901
316 24027
317 24153
318 24281
319 24409
320 24495
321 24581
322 24669
323 24757
324 24843
325 24929
326 25017
327 25105
328 25199
329 25293
330 25389
331 25485
332 25579
333 25673
334 25769
335 25865
336 25951
337 26037
338 26125
339 26213
340 26299
341 26385
342 26473
343 26561
344 26655
345 26749
346 26845
347 26941
348 27035
349 27129
350 27225
351 27321
352 27439
353 27557
354 27677
355 27797
356 27915
357 28033
358 28153
359 28273
360 28399
361 28525
362 28653
363 28781
364 28907
365 29033
366 29161
367 29289
368 29407
369 29525
370 29645
371 29765
372 29883
373 30001
374 30121
375 30241
376 30367
377 30493
378 30621
379 30749
380 30875
381 31001
382 31129
383 31257
384 31471
385 31685
386 31901
387 32117
388 32331
389 32545
390 32761
391 32977
392 33199
393 33421
394 33645
395 33869
396 34091
397 34313
398 34537
399 34761
400 34975
401 35189
402 35405
403 35621
404 35835
405 36049
406 36265
407 36481
408 36703
409 36925
410 37149
411 37373
412 37595
413 37817
414 38041
415 38265
416 38511
417 38757
418 39005
419 39253
420 39499
421 39745
422 39993
423 40241
424 40495
425 40749
426 41005
427 41261
428 41515
429 41769
430 42025
431 42281
432 42527
433 42773
434 43021
435 43269
436 43515
437 43761
438 44009
439 44257
440 44511
441 44765
442 45021
443 45277
444 45531
445 45785
446 46041
447 46297
448 46511
449 46725
450 46941
451 47157
452 47371
453 47585
454 47801
455 48017
456 48239
457 48461
458 48685
459 48909
460 49131
461 49353
462 49577
463 49801
464 50015
465 50229
466 50445
467 50661
468 50875
469 51089
470 51305
471 51521
472 51743
473 51965
474 52189
475 52413
476 52635
477 52857
478 53081
479 53305
480 53551
481 53797
482 54045
483 54293
484 54539
485 54785
486 55033
487 55281
488 55535
489 55789
490 56045
491 56301
492 56555
493 56809
494 57065
495 57321
496 57567
497 57813
498 58061
499 58309
500 58555
501 58801
502 59049
503 59297
504 59551
505 59805
506 60061
507 60317
508 60571
509 60825
510 61081
511 61337
512 61679
513 62021
514 62365
515 62709
516 63051
517 63393
518 63737
519 64081
520 64431
521 64781
522 65133
523 65485
524 65835
525 66185
526 66537
527 66889
528 67231
529 67573
530 67917
531 68261
532 68603
533 68945
534 69289
535 69633
536 69983
537 70333
538 70685
539 71037
540 71387
541 71737
542 72089
543 72441
544 72815
545 73189
546 73565
547 73941
548 74315
549 74689
550 75065
551 75441
552 75823
553 76205
554 76589
555 76973
556 77355
557 77737
558 78121
559 78505
560 78879
561 79253
562 79629
563 80005
564 80379
565 80753
566 81129
567 81505
568 81887
569 82269
570 82653
571 83037
572 83419
573 83801
574 84185
575 84569
576 84911
577 85253
578 85597
579 85941
580 86283
581 86625
582 86969
583 87313
584 87663
585 88013
586 88365
587 88717
588 89067
589 89417
590 89769
591 90121
592 90463
593 90805
594 91149
595 91493
596 91835
597 92177
598 92521
599 92865
600 93215
601 93565
602 93917
603 94269
604 94619
605 94969
606 95321
607 95673
608 96047
609 96421
610 96797
611 97173
612 97547
613 97921
614 98297
615 98673
616 99055
617 99437
618 99821
619 100205
620 100587
621 100969
622 101353
623 101737
624 102111
625 102485
626 102861
627 103237
628 103611
629 103985
630 104361
631 104737
632 105119
633 105501
634 105885
635 106269
636 106651
637 107033
638 107417
639 107801
640 108271
641 108741
642 109213
643 109685
644 110155
645 110625
646 111097
647 111569
648 112047
649 112525
650 113005
651 113485
652 113963
653 114441
654 114921
655 115401
656 115871
657 116341
658 116813
659 117285
660 117755
661 118225
662 118697
663 119169
664 119647
665 120125
666 120605
667 121085
668 121563
669 122041
670 122521
671 123001
672 123503
673 124005
674 124509
675 125013
676 125515
677 126017
678 126521
679 127025
680 127535
681 128045
682 128557
683 129069
684 129579
685 130089
686 130601
687 131113
688 131615
689 132117
690 132621
691 133125
692 133627
693 134129
694 134633
695 135137
696 135647
697 136157
698 136669
699 137181
700 137691
701 138201
702 138713
703 139225
704 139695
705 140165
706 140637
707 141109
708 141579
709 142049
710 142521
711 142993
712 143471
713 143949
714 144429
715 144909
716 145387
717 145865
718 146345
719 146825
720 147295
721 147765
722 148237
723 148709
724 149179
725 149649
726 150121
727 150593
728 151071
729 151549
730 152029
731 152509
732 152987
733 153465
734 153945
735 154425
736 154927
737 155429
738 155933
739 156437
740 156939
741 157441
742 157945
743 158449
744 158959
745 159469
746 159981
747 160493
748 161003
749 161513
750 162025
751 162537
752 163039
753 163541
754 164045
755 164549
756 165051
757 165553
758 166057
759 166561
760 167071
761 167581
762 168093
763 168605
764 169115
765 169625
766 170137
767 170649
768 170991
769 171333
770 171677
771 172021
772 172363
773 172705
774 173049
775 173393
776 173743
777 174093
778 174445
779 174797
780 175147
781 175497
782 175849
783 176201
784 176543
785 176885
786 177229
787 177573
788 177915
789 178257
790 178601
791 178945
792 179295
793 179645
794 179997
795 180349
796 180699
797 181049
798 181401
799 181753
800 182127
801 182501
802 182877
803 183253
804 183627
805 184001
806 184377
807 184753
808 185135
809 185517
810 185901
811 186285
812 186667
813 187049
814 187433
815 187817
816 188191
817 188565
818 188941
819 189317
820 189691
821 190065
822 190441
823 190817
824 191199
825 191581
826 191965
827 192349
828 192731
829 193113
830 193497
831 193881
832 194223
833 194565
834 194909
835 195253
836 195595
837 195937
838 196281
839 196625
840 196975
841 197325
842 197677
843 198029
844 198379
845 198729
846 199081
847 199433
848 199775
849 200117
850 200461
851 200805
852 201147
853 201489
854 201833
855 202177
856 202527
857 202877
858 203229
859 203581
860 203931
861 204281
862 204633
863 204985
864 205359
865 205733
866 206109
867 206485
868 206859
869 207233
870 207609
871 207985
872 208367
873 208749
874 209133
875 209517
876 209899
877 210281
878 210665
879 211049
880 211423
881 211797
882 212173
883 212549
884 212923
885 213297
886 213673
887 214049
888 214431
889 214813
890 215197
891 215581
892 215963
893 216345
894 216729
895 217113
896 217583
897 218053
898 218525
899 218997
900 219467
901 219937
902 220409
903 220881
904 221359
905 221837
906 222317
907 222797
908 223275
909 223753
910 224233
911 224713
912 225183
913 225653
914 226125
915 226597
916 227067
917 227537
918 228009
919 228481
920 228959
921 229437
922 229917
923 230397
924 230875
925 231353
926 231833
927 232313
928 232815
929 233317
930 233821
931 234325
932 234827
933 235329
934 235833
935 236337
936 236847
937 237357
938 237869
939 238381
940 238891
941 239401
942 239913
943 240425
944 240927
945 241429
946 241933
947 242437
948 242939
949 243441
950 243945
951 244449
952 244959
953 245469
954 245981
955 246493
956 247003
957 247513
958 248025
959 248537
960 249007
961 249477
962 249949
963 250421
964 250891
965 251361
966 251833
967 252305
968 252783
969 253261
970 253741
971 254221
972 254699
973 255177
974 255657
975 256137
976 256607
977 257077
978 257549
979 258021
980 258491
981 258961
982 259433
983 259905
984 260383
985 260861
986 261341
987 261821
988 262299
989 262777
990 263257
991 263737
992 264239
993 264741
994 265245
995 265749
996 266251
997 266753
998 267257
999 267761
1000 268271
