2000000999999
1000000000001
666667333337
666667333337
533334666677
533334666677
457143142877
457143142877
457143142877
457143142877
415585584406
415585584406
383617614359
383617614359
383617614359
383617614359
361051269526
361051269526
342050140945
342050140945
342050140945
342050140945
327177949209
327177949209
327177949209
327177949209
327177949209
327177949209
315890544066
315890544066
305686818240
305686818240
305686818240
305686818240
305686818240
305686818240
297398911369
297398911369
297398911369
297398911369
290118647436
290118647436
283345036531
283345036531
283345036531
283345036531
277293794991
277293794991
277293794991
277293794991
277293794991
277293794991
272058392133
272058392133
272058392133
272058392133
272058392133
272058392133
267467207777
267467207777
263127163002
263127163002
263127163002
263127163002
263127163002
263127163002
259267054415
259267054415
259267054415
259267054415
255696868973
255696868973
252289835749
252289835749
252289835749
252289835749
252289835749
252289835749
249203335058
249203335058
249203335058
249203335058
246315740988
246315740988
246315740988
246315740988
246315740988
246315740988
243686975756
243686975756
243686975756
243686975756
243686975756
243686975756
243686975756
243686975756
241318182988
241318182988
241318182988
241318182988
239077591110
239077591110
236920356535
236920356535
236920356535
236920356535
234853472952
234853472952
232835784852
232835784852
232835784852
232835784852
230911814195
230911814195
230911814195
230911814195
230911814195
230911814195
230911814195
230911814195
230911814195
230911814195
230911814195
230911814195
230911814195
230911814195
229190272299
229190272299
229190272299
229190272299
227526181133
227526181133
227526181133
227526181133
227526181133
227526181133
225931060541
225931060541
224363024337
224363024337
224363024337
224363024337
224363024337
224363024337
224363024337
224363024337
224363024337
224363024337
222874615955
222874615955
221402508348
221402508348
221402508348
221402508348
221402508348
221402508348
219984107077
219984107077
219984107077
219984107077
219984107077
219984107077
218617522249
218617522249
218617522249
218617522249
217280233009
217280233009
217280233009
217280233009
217280233009
217280233009
215984675626
215984675626
215984675626
215984675626
215984675626
215984675626
214721582174
214721582174
213476592317
213476592317
213476592317
213476592317
213476592317
213476592317
213476592317
213476592317
213476592317
213476592317
212279943892
212279943892
211090928020
211090928020
211090928020
211090928020
209927841202
209927841202
208779121662
208779121662
208779121662
208779121662
208779121662
208779121662
208779121662
208779121662
208779121662
208779121662
208779121662
208779121662
207682630200
207682630200
207682630200
207682630200
207682630200
207682630200
207682630200
207682630200
207682630200
207682630200
207682630200
207682630200
206647372101
206647372101
206647372101
206647372101
205627873560
205627873560
204617515255
204617515255
204617515255
204617515255
203627916956
203627916956
203627916956
203627916956
203627916956
203627916956
202657450286
202657450286
201688963348
201688963348
201688963348
201688963348
201688963348
201688963348
201688963348
201688963348
201688963348
201688963348
200754052855
200754052855
200754052855
200754052855
200754052855
200754052855
199839394738
199839394738
199839394738
199839394738
199839394738
199839394738
198941884883
198941884883
198941884883
198941884883
198941884883
198941884883
198072574799
198072574799
197204910576
197204910576
197204910576
197204910576
197204910576
197204910576
196348431285
196348431285
196348431285
196348431285
195503854313
195503854313
194661371520
194661371520
194661371520
194661371520
194661371520
194661371520
194661371520
194661371520
194661371520
194661371520
193850206880
193850206880
193850206880
193850206880
193850206880
193850206880
193850206880
193850206880
193850206880
193850206880
193850206880
193850206880
193850206880
193850206880
193072004246
193072004246
193072004246
193072004246
192295828795
192295828795
191520782890
191520782890
191520782890
191520782890
190762096963
190762096963
190762096963
190762096963
190762096963
190762096963
190762096963
190762096963
190762096963
190762096963
190762096963
190762096963
190762096963
190762096963
190037440318
190037440318
190037440318
190037440318
190037440318
190037440318
189315916578
189315916578
189315916578
189315916578
189315916578
189315916578
189315916578
189315916578
189315916578
189315916578
188617747373
188617747373
187923691771
187923691771
187923691771
187923691771
187235876213
187235876213
187235876213
187235876213
187235876213
187235876213
186558723951
186558723951
186558723951
186558723951
186558723951
186558723951
186558723951
186558723951
185894949034
185894949034
185894949034
185894949034
185894949034
185894949034
185246724643
185246724643
185246724643
185246724643
185246724643
185246724643
184606339334
184606339334
184606339334
184606339334
183971390444
183971390444
183971390444
183971390444
183971390444
183971390444
183342752829
183342752829
183342752829
183342752829
183342752829
183342752829
183342752829
183342752829
182723546768
182723546768
182723546768
182723546768
182112319711
182112319711
182112319711
182112319711
182112319711
182112319711
182112319711
182112319711
181515352718
181515352718
181515352718
181515352718
181515352718
181515352718
181515352718
181515352718
181515352718
181515352718
180930237235
180930237235
180346508947
180346508947
180346508947
180346508947
180346508947
180346508947
180346508947
180346508947
180346508947
180346508947
179775351195
179775351195
179207747083
179207747083
179207747083
179207747083
179207747083
179207747083
178644541252
178644541252
178644541252
178644541252
178086434347
178086434347
178086434347
178086434347
178086434347
178086434347
177535064592
177535064592
177535064592
177535064592
177535064592
177535064592
177535064592
177535064592
176990244730
176990244730
176990244730
176990244730
176450907922
176450907922
175913456133
175913456133
175913456133
175913456133
175377587176
175377587176
175377587176
175377587176
175377587176
175377587176
175377587176
175377587176
175377587176
175377587176
175377587176
175377587176
174856570254
174856570254
174856570254
174856570254
174856570254
174856570254
174856570254
174856570254
174343208457
174343208457
174343208457
174343208457
173833902995
173833902995
173833902995
173833902995
173833902995
173833902995
173833902995
173833902995
173332666976
173332666976
173332666976
173332666976
172835712030
172835712030
172835712030
172835712030
172835712030
172835712030
172341121311
172341121311
172341121311
172341121311
172341121311
172341121311
172341121311
172341121311
172341121311
172341121311
172341121311
172341121311
171861480896
171861480896
171382276393
171382276393
171382276393
171382276393
171382276393
171382276393
171382276393
171382276393
171382276393
171382276393
171382276393
171382276393
171382276393
171382276393
171382276393
171382276393
171382276393
171382276393
170919396793
170919396793
170919396793
170919396793
170919396793
170919396793
170461728457
170461728457
170461728457
170461728457
170461728457
170461728457
170461728457
170461728457
170461728457
170461728457
170012130868
170012130868
170012130868
170012130868
170012130868
170012130868
169568053921
169568053921
169568053921
169568053921
169568053921
169568053921
169133637784
169133637784
168700024381
168700024381
168700024381
168700024381
168700024381
168700024381
168270219389
168270219389
168270219389
168270219389
168270219389
168270219389
168270219389
168270219389
168270219389
168270219389
167845440948
167845440948
167845440948
167845440948
167845440948
167845440948
167424709820
167424709820
167424709820
167424709820
167424709820
167424709820
167010128742
167010128742
166598526079
166598526079
166598526079
166598526079
166598526079
166598526079
166195235279
166195235279
166195235279
166195235279
166195235279
166195235279
165790335293
165790335293
165790335293
165790335293
165391204780
165391204780
164991162412
164991162412
164991162412
164991162412
164991162412
164991162412
164991162412
164991162412
164991162412
164991162412
164991162412
164991162412
164599932947
164599932947
164599932947
164599932947
164599932947
164599932947
164599932947
164599932947
164599932947
164599932947
164213008040
164213008040
163827293559
163827293559
163827293559
163827293559
163441607154
163441607154
163441607154
163441607154
163441607154
163441607154
163060810204
163060810204
163060810204
163060810204
163060810204
163060810204
162684976573
162684976573
162308437923
162308437923
162308437923
162308437923
162308437923
162308437923
162308437923
162308437923
162308437923
162308437923
162308437923
162308437923
161935638995
161935638995
161935638995
161935638995
161569109164
161569109164
161569109164
161569109164
161569109164
161569109164
161203817542
161203817542
161203817542
161203817542
161203817542
161203817542
161203817542
161203817542
160844775324
160844775324
160844775324
160844775324
160844775324
160844775324
160844775324
160844775324
160844775324
160844775324
160489071801
160489071801
160489071801
160489071801
160489071801
160489071801
160489071801
160489071801
160137862979
160137862979
160137862979
160137862979
160137862979
160137862979
160137862979
160137862979
160137862979
160137862979
159794289548
159794289548
159794289548
159794289548
159794289548
159794289548
159794289548
159794289548
159453447957
159453447957
159453447957
159453447957
159453447957
159453447957
159118352609
159118352609
159118352609
159118352609
159118352609
159118352609
158789074162
158789074162
158789074162
158789074162
158462568756
158462568756
158462568756
158462568756
158462568756
158462568756
158462568756
158462568756
158143174464
158143174464
158143174464
158143174464
158143174464
158143174464
157829840809
157829840809
157829840809
157829840809
157517431284
157517431284
157517431284
157517431284
157517431284
157517431284
157517431284
157517431284
157208357111
157208357111
157208357111
157208357111
156902276939
156902276939
156902276939
156902276939
156902276939
156902276939
156902276939
156902276939
156902276939
156902276939
156902276939
156902276939
156902276939
156902276939
156601318695
156601318695
156601318695
156601318695
156601318695
156601318695
156601318695
156601318695
156601318695
156601318695
156303213597
156303213597
156303213597
156303213597
156303213597
156303213597
156303213597
156303213597
156303213597
156303213597
156303213597
156303213597
156007294341
156007294341
155713300353
155713300353
155713300353
155713300353
155713300353
155713300353
155713300353
155713300353
155713300353
155713300353
155424379780
155424379780
155135431064
155135431064
155135431064
155135431064
154847762422
154847762422
154562087364
154562087364
154562087364
154562087364
154562087364
154562087364
154562087364
154562087364
154562087364
154562087364
154281709505
154281709505
154281709505
154281709505
154281709505
154281709505
154281709505
154281709505
154281709505
154281709505
154281709505
154281709505
154281709505
154281709505
154011500430
154011500430
154011500430
154011500430
153744766036
153744766036
153480149368
153480149368
153480149368
153480149368
153215041809
153215041809
153215041809
153215041809
153215041809
153215041809
153215041809
153215041809
153215041809
153215041809
153215041809
153215041809
153215041809
153215041809
152958473705
152958473705
152958473705
152958473705
152703510543
152703510543
152452751788
152452751788
152452751788
152452751788
152201640314
152201640314
152201640314
152201640314
152201640314
152201640314
152201640314
152201640314
152201640314
152201640314
152201640314
152201640314
152201640314
152201640314
152201640314
152201640314
152201640314
152201640314
152201640314
152201640314
151959830486
151959830486
151959830486
151959830486
151719787452
151719787452
151719787452
151719787452
151719787452
151719787452
151719787452
151719787452
151480476176
151480476176
151480476176
151480476176
151480476176
151480476176
151480476176
151480476176
151480476176
151480476176
151243422317
151243422317
151243422317
151243422317
151243422317
151243422317
151243422317
151243422317
151011214040
151011214040
151011214040
151011214040
150782904856
150782904856
150782904856
150782904856
150782904856
150782904856
150556032066
150556032066
150556032066
150556032066
150556032066
150556032066
150332636477
150332636477
150332636477
150332636477
150332636477
150332636477
150332636477
150332636477
150332636477
150332636477
150332636477
150332636477
150332636477
150332636477
150116946160
150116946160
150116946160
150116946160
149903305769
149903305769
149903305769
149903305769
149903305769
149903305769
149691299700
149691299700
149691299700
149691299700
149691299700
149691299700
149480956377
149480956377
149480956377
149480956377
149480956377
149480956377
149480956377
149480956377
149273894855
149273894855
149273894855
149273894855
149273894855
149273894855
149070583624
149070583624
149070583624
149070583624
149070583624
149070583624
149070583624
149070583624
149070583624
149070583624
149070583624
149070583624
148875900101
148875900101
148875900101
148875900101
148683471634
148683471634
148683471634
148683471634
148683471634
148683471634
148492946147
148492946147
148303087113
148303087113
148303087113
148303087113
148303087113
148303087113
148303087113
148303087113
148303087113
148303087113
148116442090
148116442090
147930500024
147930500024
147930500024
147930500024
147930500024
147930500024
147748565929
147748565929
147748565929
147748565929
147748565929
147748565929
147748565929
147748565929
147748565929
147748565929
147569977875
147569977875
147392151828
147392151828
147392151828
147392151828
147392151828
147392151828
147392151828
147392151828
147392151828
147392151828
147217770112
147217770112
147044187527
147044187527
147044187527
147044187527
147044187527
147044187527
146878779019
146878779019
146878779019
146878779019
146878779019
146878779019
146878779019
146878779019
146878779019
146878779019
146878779019
146878779019
146878779019
146878779019
146878779019
146878779019
146878779019
146878779019
146717807363
146717807363
146717807363
146717807363
146557429272
146557429272
146399950925
146399950925
146399950925
146399950925
146243095283
146243095283
146243095283
146243095283
146243095283
146243095283
146088602485
146088602485
146088602485
146088602485
146088602485
146088602485
145936500917
145936500917
145936500917
145936500917
145936500917
145936500917
145936500917
145936500917
145786552603
145786552603
145786552603
145786552603
145786552603
145786552603
145643071385
145643071385
145643071385
145643071385
145643071385
145643071385
145502097671
145502097671
145502097671
145502097671
145502097671
145502097671
145502097671
145502097671
145502097671
145502097671
145502097671
145502097671
145502097671
145502097671
145502097671
145502097671
145502097671
145502097671
145502097671
145502097671
145502097671
145502097671
145367733384
145367733384
145234462726
145234462726
145234462726
145234462726
145234462726
145234462726
145234462726
145234462726
145234462726
145234462726
145107397998
145107397998
145107397998
145107397998
145107397998
145107397998
145107397998
145107397998
144982822334
144982822334
144982822334
144982822334
144982822334
144982822334
144982822334
144982822334
144982822334
144982822334
144862576457
144862576457
144862576457
144862576457
144862576457
144862576457
144745131116
144745131116
144745131116
144745131116
144745131116
144745131116
144628508208
144628508208
144628508208
144628508208
144628508208
144628508208
144628508208
144628508208
144516542581
144516542581
144516542581
144516542581
144516542581
144516542581
144516542581
144516542581
144516542581
144516542581
144516542581
144516542581
144408942203
144408942203
144408942203
144408942203
144302463222
144302463222
144302463222
144302463222
144302463222
144302463222
144198949725
144198949725
144198949725
144198949725
144198949725
144198949725
144096431461
144096431461
143997262101
143997262101
143997262101
143997262101
143997262101
143997262101
143903140008
143903140008
143903140008
143903140008
143903140008
143903140008
143903140008
143903140008
143903140008
143903140008
143903140008
143903140008
143815681281
143815681281
143815681281
143815681281
143815681281
143815681281
143815681281
143815681281
143815681281
143815681281
143733121097
143733121097
143733121097
143733121097
143733121097
143733121097
143733121097
143733121097
143733121097
143733121097
143733121097
143733121097
143733121097
143733121097
143733121097
143733121097
143733121097
143733121097
143659033388
143659033388
143586462928
143586462928
143586462928
143586462928
143517306662
143517306662
143517306662
143517306662
143517306662
143517306662
143451482588
143451482588
143387220481
143387220481
143387220481
143387220481
143387220481
143387220481
143328344463
143328344463
143328344463
143328344463
143270974266
143270974266
143215211078
143215211078
143215211078
143215211078
143162980744
143162980744
143162980744
143162980744
143162980744
143162980744
143162980744
143162980744
143162980744
143162980744
143162980744
143162980744
143114003636
143114003636
143066694663
143066694663
143066694663
143066694663
143066694663
143066694663
143022928876
143022928876
143022928876
143022928876
143022928876
143022928876
143022928876
143022928876
143022928876
143022928876
143022928876
143022928876
143022928876
143022928876
143022928876
143022928876
143022928876
143022928876
143022928876
143022928876
143022928876
143022928876
143022928876
143022928876
143022928876
143022928876
143022928876
143022928876
143022928876
143022928876
143022928876
143022928876
143022928876
143022928876
142994006265
142994006265
142994006265
142994006265
142994006265
142994006265
142966816635
142966816635
142966816635
142966816635
142966816635
142966816635
142943387763
142943387763
142943387763
142943387763
142943387763
142943387763
142943387763
142943387763
142925728916
142925728916
142925728916
142925728916
142925728916
142925728916
142925728916
142925728916
142925728916
142925728916
142925728916
142925728916
142925728916
142925728916
142925728916
142925728916
142925728916
142925728916
142915814203
142915814203
142915814203
142915814203
142915814203
142915814203
142915814203
142915814203
142915814203
142915814203
142913828922
142913828922
142913828922
142913828922
142913828922
142913828922 148933
