7
19
49
91
175
253
415
571
805
1033
1423
1723
2263
2713
3313
3913
4825
5491
6625
7513
8701
9811
11461
12637
14497
16045
18043
19807
22411
24163
27133
29485
32425
35065
38593
41221
45433
48727
52831
56335
61495
64987
70657
75037
80293
85111
91873
96529
103711
109171
116179
122299
130879
136765
145525
152509
161257
168901
179515
186475
197815
206545
217021
226333
238573
247273
260935
271399
284203
294643
309973
320413
336613
349033
363553
376621
394081
406249
425203
439123
456781
472021
492931
506827
527755
544513
564841
582241
606265
621889
646297
665437
688657
708667
734803
753331
781843
803137
829237
850957
