1 7
2 19
3 49
4 91
5 175
6 253
7 415
8 571
9 805
10 1033
11 1423
12 1723
13 2263
14 2713
15 3313
16 3913
17 4825
18 5491
19 6625
20 7513
21 8701
22 9811
23 11461
24 12637
25 14497
26 16045
27 18043
28 19807
29 22411
30 24163
31 27133
32 29485
33 32425
34 35065
35 38593
36 41221
37 45433
38 48727
39 52831
40 56335
41 61495
42 64987
43 70657
44 75037
45 80293
46 85111
47 91873
48 96529
49 103711
50 109171
51 116179
52 122299
53 130879
54 136765
55 145525
56 152509
57 161257
58 168901
59 179515
60 186475
61 197815
62 206545
63 217021
64 226333
65 238573
66 247273
67 260935
68 271399
69 284203
70 294643
71 309973
72 320413
73 336613
74 349033
75 363553
76 376621
77 394081
78 406249
79 425203
80 439123
81 456781
82 472021
83 492931
84 506827
85 527755
86 544513
87 564841
88 582241
89 606265
90 621889
91 646297
92 665437
93 688657
94 708667
95 734803
96 753331
97 781843
98 803137
99 829237
100 850957
