1 7
2 19
3 49
4 91
5 175
6 253
7 415
8 571
9 805
10 1033
11 1423
12 1723
13 2263
14 2713
15 3313
16 3913
17 4825
18 5491
19 6625
20 7513
21 8701
22 9811
23 11461
24 12637
25 14497
26 16045
27 18043
28 19807
29 22411
30 24163
31 27133
32 29485
33 32425
34 35065
35 38593
36 41221
37 45433
38 48727
39 52831
40 56335
41 61495
42 65001
43 70671
44 75051
45 80307
46 85125
47 91887
48 96543
49 103711
50 109171
51 116179
52 122299
53 130879
54 136765
55 145525
56 152509
57 161257
58 168901
59 179515
60 186475
61 197815
62 206545
63 217021
64 226333
65 238573
66 247287
67 260949
68 271413
69 284217
70 294657
71 309987
72 320427
73 336627
74 349047
75 363567
76 376635
77 394095
78 406277
79 425231
80 439151
81 456809
82 472049
83 492959
84 506855
85 527783
86 544541
87 564869
88 582269
89 606293
90 621917
91 646325
92 665465
93 688685
94 708695
95 734831
96 753359
97 781871
98 803165
99 829265
100 850985
