a=1 b=1 c=1
p=   0.5000000000 q=   0.5000000000 r=   0.5000000000
r1=   0.0962250449 r2=   0.0962250449 r3=   0.0962250449
1 1 1    0.3199770295
a=1 b=2 c=2
p=   0.5000000000 q=   0.5000000000 r=   1.5000000000
r1=   0.0931096977 r2=   0.2323790008 r3=   0.0931096977
1 2 2    0.6681206744
a=2 b=2 c=2
p=   1.0000000000 q=   1.0000000000 r=   1.0000000000
r1=   0.1924500897 r2=   0.1924500897 r3=   0.1924500897
2 2 2    1.2799081181
a=2 b=2 c=3
p=   1.5000000000 q=   0.5000000000 r=   1.5000000000
r1=   0.2707693547 r2=   0.2707693547 r3=   0.0809923871
2 2 3    1.4704559255
a=1 b=3 c=3
p=   0.5000000000 q=   0.5000000000 r=   2.5000000000
r1=   0.0910392083 r2=   0.3018408053 r3=   0.0910392083
1 3 3    0.8732604603
a=2 b=3 c=3
p=   1.0000000000 q=   1.0000000000 r=   2.0000000000
r1=   0.1894686910 r2=   0.3535533906 r3=   0.1894686910
2 3 3    2.0762735107
a=2 b=3 c=4
p=   1.5000000000 q=   0.5000000000 r=   2.5000000000
r1=   0.2797579883 r2=   0.3872983346 r3=   0.0754993692
2 3 4    2.0261111158
a=1 b=4 c=4
p=   0.5000000000 q=   0.5000000000 r=   3.5000000000
r1=   0.0898570399 r2=   0.3429677625 r3=   0.0898570399
1 4 4    1.0057671222
   1.2149842446
